The system is: Linux - 4.10.0-38-generic - x86_64
Compiling the CXX compiler identification source file "CMakeCXXCompilerId.cpp" succeeded.
Compiler: /usr/bin/c++ 
Build flags: 
Id flags: 

The output was:
0


Compilation of the CXX compiler identification source "CMakeCXXCompilerId.cpp" produced "a.out"

The CXX compiler identification is GNU, found in "/home/stacia/eclipse-workspace/CompVisionProject/opencv/build/CMakeFiles/3.5.1/CompilerIdCXX/a.out"

Compiling the C compiler identification source file "CMakeCCompilerId.c" succeeded.
Compiler: /usr/bin/cc 
Build flags: 
Id flags: 

The output was:
0


Compilation of the C compiler identification source "CMakeCCompilerId.c" produced "a.out"

The C compiler identification is GNU, found in "/home/stacia/eclipse-workspace/CompVisionProject/opencv/build/CMakeFiles/3.5.1/CompilerIdC/a.out"

Determining if the CXX compiler works passed with the following output:
Change Dir: /home/stacia/eclipse-workspace/CompVisionProject/opencv/build/CMakeFiles/CMakeTmp

Run Build Command:"/usr/bin/make" "cmTC_870d6/fast"
/usr/bin/make -f CMakeFiles/cmTC_870d6.dir/build.make CMakeFiles/cmTC_870d6.dir/build
make[1]: Entering directory '/home/stacia/eclipse-workspace/CompVisionProject/opencv/build/CMakeFiles/CMakeTmp'
Building CXX object CMakeFiles/cmTC_870d6.dir/testCXXCompiler.cxx.o
/usr/bin/c++      -o CMakeFiles/cmTC_870d6.dir/testCXXCompiler.cxx.o -c /home/stacia/eclipse-workspace/CompVisionProject/opencv/build/CMakeFiles/CMakeTmp/testCXXCompiler.cxx
Linking CXX executable cmTC_870d6
/usr/bin/cmake -E cmake_link_script CMakeFiles/cmTC_870d6.dir/link.txt --verbose=1
/usr/bin/c++        CMakeFiles/cmTC_870d6.dir/testCXXCompiler.cxx.o  -o cmTC_870d6 -rdynamic 
make[1]: Leaving directory '/home/stacia/eclipse-workspace/CompVisionProject/opencv/build/CMakeFiles/CMakeTmp'


Detecting CXX compiler ABI info compiled with the following output:
Change Dir: /home/stacia/eclipse-workspace/CompVisionProject/opencv/build/CMakeFiles/CMakeTmp

Run Build Command:"/usr/bin/make" "cmTC_7b3d4/fast"
/usr/bin/make -f CMakeFiles/cmTC_7b3d4.dir/build.make CMakeFiles/cmTC_7b3d4.dir/build
make[1]: Entering directory '/home/stacia/eclipse-workspace/CompVisionProject/opencv/build/CMakeFiles/CMakeTmp'
Building CXX object CMakeFiles/cmTC_7b3d4.dir/CMakeCXXCompilerABI.cpp.o
/usr/bin/c++      -o CMakeFiles/cmTC_7b3d4.dir/CMakeCXXCompilerABI.cpp.o -c /usr/share/cmake-3.5/Modules/CMakeCXXCompilerABI.cpp
Linking CXX executable cmTC_7b3d4
/usr/bin/cmake -E cmake_link_script CMakeFiles/cmTC_7b3d4.dir/link.txt --verbose=1
/usr/bin/c++       -v CMakeFiles/cmTC_7b3d4.dir/CMakeCXXCompilerABI.cpp.o  -o cmTC_7b3d4 -rdynamic  
Using built-in specs.
COLLECT_GCC=/usr/bin/c++
COLLECT_LTO_WRAPPER=/usr/lib/gcc/x86_64-linux-gnu/5/lto-wrapper
Target: x86_64-linux-gnu
Configured with: ../src/configure -v --with-pkgversion='Ubuntu 5.4.0-6ubuntu1~16.04.4' --with-bugurl=file:///usr/share/doc/gcc-5/README.Bugs --enable-languages=c,ada,c++,java,go,d,fortran,objc,obj-c++ --prefix=/usr --program-suffix=-5 --enable-shared --enable-linker-build-id --libexecdir=/usr/lib --without-included-gettext --enable-threads=posix --libdir=/usr/lib --enable-nls --with-sysroot=/ --enable-clocale=gnu --enable-libstdcxx-debug --enable-libstdcxx-time=yes --with-default-libstdcxx-abi=new --enable-gnu-unique-object --disable-vtable-verify --enable-libmpx --enable-plugin --with-system-zlib --disable-browser-plugin --enable-java-awt=gtk --enable-gtk-cairo --with-java-home=/usr/lib/jvm/java-1.5.0-gcj-5-amd64/jre --enable-java-home --with-jvm-root-dir=/usr/lib/jvm/java-1.5.0-gcj-5-amd64 --with-jvm-jar-dir=/usr/lib/jvm-exports/java-1.5.0-gcj-5-amd64 --with-arch-directory=amd64 --with-ecj-jar=/usr/share/java/eclipse-ecj.jar --enable-objc-gc --enable-multiarch --disable-werror --with-arch-32=i686 --with-abi=m64 --with-multilib-list=m32,m64,mx32 --enable-multilib --with-tune=generic --enable-checking=release --build=x86_64-linux-gnu --host=x86_64-linux-gnu --target=x86_64-linux-gnu
Thread model: posix
gcc version 5.4.0 20160609 (Ubuntu 5.4.0-6ubuntu1~16.04.4) 
COMPILER_PATH=/usr/lib/gcc/x86_64-linux-gnu/5/:/usr/lib/gcc/x86_64-linux-gnu/5/:/usr/lib/gcc/x86_64-linux-gnu/:/usr/lib/gcc/x86_64-linux-gnu/5/:/usr/lib/gcc/x86_64-linux-gnu/
LIBRARY_PATH=/usr/lib/gcc/x86_64-linux-gnu/5/:/usr/lib/gcc/x86_64-linux-gnu/5/../../../x86_64-linux-gnu/:/usr/lib/gcc/x86_64-linux-gnu/5/../../../../lib/:/lib/x86_64-linux-gnu/:/lib/../lib/:/usr/lib/x86_64-linux-gnu/:/usr/lib/../lib/:/usr/lib/gcc/x86_64-linux-gnu/5/../../../:/lib/:/usr/lib/
COLLECT_GCC_OPTIONS='-v' '-o' 'cmTC_7b3d4' '-rdynamic' '-shared-libgcc' '-mtune=generic' '-march=x86-64'
 /usr/lib/gcc/x86_64-linux-gnu/5/collect2 -plugin /usr/lib/gcc/x86_64-linux-gnu/5/liblto_plugin.so -plugin-opt=/usr/lib/gcc/x86_64-linux-gnu/5/lto-wrapper -plugin-opt=-fresolution=/tmp/ccYmWq0q.res -plugin-opt=-pass-through=-lgcc_s -plugin-opt=-pass-through=-lgcc -plugin-opt=-pass-through=-lc -plugin-opt=-pass-through=-lgcc_s -plugin-opt=-pass-through=-lgcc --sysroot=/ --build-id --eh-frame-hdr -m elf_x86_64 --hash-style=gnu --as-needed -export-dynamic -dynamic-linker /lib64/ld-linux-x86-64.so.2 -z relro -o cmTC_7b3d4 /usr/lib/gcc/x86_64-linux-gnu/5/../../../x86_64-linux-gnu/crt1.o /usr/lib/gcc/x86_64-linux-gnu/5/../../../x86_64-linux-gnu/crti.o /usr/lib/gcc/x86_64-linux-gnu/5/crtbegin.o -L/usr/lib/gcc/x86_64-linux-gnu/5 -L/usr/lib/gcc/x86_64-linux-gnu/5/../../../x86_64-linux-gnu -L/usr/lib/gcc/x86_64-linux-gnu/5/../../../../lib -L/lib/x86_64-linux-gnu -L/lib/../lib -L/usr/lib/x86_64-linux-gnu -L/usr/lib/../lib -L/usr/lib/gcc/x86_64-linux-gnu/5/../../.. CMakeFiles/cmTC_7b3d4.dir/CMakeCXXCompilerABI.cpp.o -lstdc++ -lm -lgcc_s -lgcc -lc -lgcc_s -lgcc /usr/lib/gcc/x86_64-linux-gnu/5/crtend.o /usr/lib/gcc/x86_64-linux-gnu/5/../../../x86_64-linux-gnu/crtn.o
make[1]: Leaving directory '/home/stacia/eclipse-workspace/CompVisionProject/opencv/build/CMakeFiles/CMakeTmp'


Parsed CXX implicit link information from above output:
  link line regex: [^( *|.*[/\])(ld|([^/\]+-)?ld|collect2)[^/\]*( |$)]
  ignore line: [Change Dir: /home/stacia/eclipse-workspace/CompVisionProject/opencv/build/CMakeFiles/CMakeTmp]
  ignore line: []
  ignore line: [Run Build Command:"/usr/bin/make" "cmTC_7b3d4/fast"]
  ignore line: [/usr/bin/make -f CMakeFiles/cmTC_7b3d4.dir/build.make CMakeFiles/cmTC_7b3d4.dir/build]
  ignore line: [make[1]: Entering directory '/home/stacia/eclipse-workspace/CompVisionProject/opencv/build/CMakeFiles/CMakeTmp']
  ignore line: [Building CXX object CMakeFiles/cmTC_7b3d4.dir/CMakeCXXCompilerABI.cpp.o]
  ignore line: [/usr/bin/c++      -o CMakeFiles/cmTC_7b3d4.dir/CMakeCXXCompilerABI.cpp.o -c /usr/share/cmake-3.5/Modules/CMakeCXXCompilerABI.cpp]
  ignore line: [Linking CXX executable cmTC_7b3d4]
  ignore line: [/usr/bin/cmake -E cmake_link_script CMakeFiles/cmTC_7b3d4.dir/link.txt --verbose=1]
  ignore line: [/usr/bin/c++       -v CMakeFiles/cmTC_7b3d4.dir/CMakeCXXCompilerABI.cpp.o  -o cmTC_7b3d4 -rdynamic  ]
  ignore line: [Using built-in specs.]
  ignore line: [COLLECT_GCC=/usr/bin/c++]
  ignore line: [COLLECT_LTO_WRAPPER=/usr/lib/gcc/x86_64-linux-gnu/5/lto-wrapper]
  ignore line: [Target: x86_64-linux-gnu]
  ignore line: [Configured with: ../src/configure -v --with-pkgversion='Ubuntu 5.4.0-6ubuntu1~16.04.4' --with-bugurl=file:///usr/share/doc/gcc-5/README.Bugs --enable-languages=c,ada,c++,java,go,d,fortran,objc,obj-c++ --prefix=/usr --program-suffix=-5 --enable-shared --enable-linker-build-id --libexecdir=/usr/lib --without-included-gettext --enable-threads=posix --libdir=/usr/lib --enable-nls --with-sysroot=/ --enable-clocale=gnu --enable-libstdcxx-debug --enable-libstdcxx-time=yes --with-default-libstdcxx-abi=new --enable-gnu-unique-object --disable-vtable-verify --enable-libmpx --enable-plugin --with-system-zlib --disable-browser-plugin --enable-java-awt=gtk --enable-gtk-cairo --with-java-home=/usr/lib/jvm/java-1.5.0-gcj-5-amd64/jre --enable-java-home --with-jvm-root-dir=/usr/lib/jvm/java-1.5.0-gcj-5-amd64 --with-jvm-jar-dir=/usr/lib/jvm-exports/java-1.5.0-gcj-5-amd64 --with-arch-directory=amd64 --with-ecj-jar=/usr/share/java/eclipse-ecj.jar --enable-objc-gc --enable-multiarch --disable-werror --with-arch-32=i686 --with-abi=m64 --with-multilib-list=m32,m64,mx32 --enable-multilib --with-tune=generic --enable-checking=release --build=x86_64-linux-gnu --host=x86_64-linux-gnu --target=x86_64-linux-gnu]
  ignore line: [Thread model: posix]
  ignore line: [gcc version 5.4.0 20160609 (Ubuntu 5.4.0-6ubuntu1~16.04.4) ]
  ignore line: [COMPILER_PATH=/usr/lib/gcc/x86_64-linux-gnu/5/:/usr/lib/gcc/x86_64-linux-gnu/5/:/usr/lib/gcc/x86_64-linux-gnu/:/usr/lib/gcc/x86_64-linux-gnu/5/:/usr/lib/gcc/x86_64-linux-gnu/]
  ignore line: [LIBRARY_PATH=/usr/lib/gcc/x86_64-linux-gnu/5/:/usr/lib/gcc/x86_64-linux-gnu/5/../../../x86_64-linux-gnu/:/usr/lib/gcc/x86_64-linux-gnu/5/../../../../lib/:/lib/x86_64-linux-gnu/:/lib/../lib/:/usr/lib/x86_64-linux-gnu/:/usr/lib/../lib/:/usr/lib/gcc/x86_64-linux-gnu/5/../../../:/lib/:/usr/lib/]
  ignore line: [COLLECT_GCC_OPTIONS='-v' '-o' 'cmTC_7b3d4' '-rdynamic' '-shared-libgcc' '-mtune=generic' '-march=x86-64']
  link line: [ /usr/lib/gcc/x86_64-linux-gnu/5/collect2 -plugin /usr/lib/gcc/x86_64-linux-gnu/5/liblto_plugin.so -plugin-opt=/usr/lib/gcc/x86_64-linux-gnu/5/lto-wrapper -plugin-opt=-fresolution=/tmp/ccYmWq0q.res -plugin-opt=-pass-through=-lgcc_s -plugin-opt=-pass-through=-lgcc -plugin-opt=-pass-through=-lc -plugin-opt=-pass-through=-lgcc_s -plugin-opt=-pass-through=-lgcc --sysroot=/ --build-id --eh-frame-hdr -m elf_x86_64 --hash-style=gnu --as-needed -export-dynamic -dynamic-linker /lib64/ld-linux-x86-64.so.2 -z relro -o cmTC_7b3d4 /usr/lib/gcc/x86_64-linux-gnu/5/../../../x86_64-linux-gnu/crt1.o /usr/lib/gcc/x86_64-linux-gnu/5/../../../x86_64-linux-gnu/crti.o /usr/lib/gcc/x86_64-linux-gnu/5/crtbegin.o -L/usr/lib/gcc/x86_64-linux-gnu/5 -L/usr/lib/gcc/x86_64-linux-gnu/5/../../../x86_64-linux-gnu -L/usr/lib/gcc/x86_64-linux-gnu/5/../../../../lib -L/lib/x86_64-linux-gnu -L/lib/../lib -L/usr/lib/x86_64-linux-gnu -L/usr/lib/../lib -L/usr/lib/gcc/x86_64-linux-gnu/5/../../.. CMakeFiles/cmTC_7b3d4.dir/CMakeCXXCompilerABI.cpp.o -lstdc++ -lm -lgcc_s -lgcc -lc -lgcc_s -lgcc /usr/lib/gcc/x86_64-linux-gnu/5/crtend.o /usr/lib/gcc/x86_64-linux-gnu/5/../../../x86_64-linux-gnu/crtn.o]
    arg [/usr/lib/gcc/x86_64-linux-gnu/5/collect2] ==> ignore
    arg [-plugin] ==> ignore
    arg [/usr/lib/gcc/x86_64-linux-gnu/5/liblto_plugin.so] ==> ignore
    arg [-plugin-opt=/usr/lib/gcc/x86_64-linux-gnu/5/lto-wrapper] ==> ignore
    arg [-plugin-opt=-fresolution=/tmp/ccYmWq0q.res] ==> ignore
    arg [-plugin-opt=-pass-through=-lgcc_s] ==> ignore
    arg [-plugin-opt=-pass-through=-lgcc] ==> ignore
    arg [-plugin-opt=-pass-through=-lc] ==> ignore
    arg [-plugin-opt=-pass-through=-lgcc_s] ==> ignore
    arg [-plugin-opt=-pass-through=-lgcc] ==> ignore
    arg [--sysroot=/] ==> ignore
    arg [--build-id] ==> ignore
    arg [--eh-frame-hdr] ==> ignore
    arg [-m] ==> ignore
    arg [elf_x86_64] ==> ignore
    arg [--hash-style=gnu] ==> ignore
    arg [--as-needed] ==> ignore
    arg [-export-dynamic] ==> ignore
    arg [-dynamic-linker] ==> ignore
    arg [/lib64/ld-linux-x86-64.so.2] ==> ignore
    arg [-zrelro] ==> ignore
    arg [-o] ==> ignore
    arg [cmTC_7b3d4] ==> ignore
    arg [/usr/lib/gcc/x86_64-linux-gnu/5/../../../x86_64-linux-gnu/crt1.o] ==> ignore
    arg [/usr/lib/gcc/x86_64-linux-gnu/5/../../../x86_64-linux-gnu/crti.o] ==> ignore
    arg [/usr/lib/gcc/x86_64-linux-gnu/5/crtbegin.o] ==> ignore
    arg [-L/usr/lib/gcc/x86_64-linux-gnu/5] ==> dir [/usr/lib/gcc/x86_64-linux-gnu/5]
    arg [-L/usr/lib/gcc/x86_64-linux-gnu/5/../../../x86_64-linux-gnu] ==> dir [/usr/lib/gcc/x86_64-linux-gnu/5/../../../x86_64-linux-gnu]
    arg [-L/usr/lib/gcc/x86_64-linux-gnu/5/../../../../lib] ==> dir [/usr/lib/gcc/x86_64-linux-gnu/5/../../../../lib]
    arg [-L/lib/x86_64-linux-gnu] ==> dir [/lib/x86_64-linux-gnu]
    arg [-L/lib/../lib] ==> dir [/lib/../lib]
    arg [-L/usr/lib/x86_64-linux-gnu] ==> dir [/usr/lib/x86_64-linux-gnu]
    arg [-L/usr/lib/../lib] ==> dir [/usr/lib/../lib]
    arg [-L/usr/lib/gcc/x86_64-linux-gnu/5/../../..] ==> dir [/usr/lib/gcc/x86_64-linux-gnu/5/../../..]
    arg [CMakeFiles/cmTC_7b3d4.dir/CMakeCXXCompilerABI.cpp.o] ==> ignore
    arg [-lstdc++] ==> lib [stdc++]
    arg [-lm] ==> lib [m]
    arg [-lgcc_s] ==> lib [gcc_s]
    arg [-lgcc] ==> lib [gcc]
    arg [-lc] ==> lib [c]
    arg [-lgcc_s] ==> lib [gcc_s]
    arg [-lgcc] ==> lib [gcc]
    arg [/usr/lib/gcc/x86_64-linux-gnu/5/crtend.o] ==> ignore
    arg [/usr/lib/gcc/x86_64-linux-gnu/5/../../../x86_64-linux-gnu/crtn.o] ==> ignore
  remove lib [gcc_s]
  remove lib [gcc]
  remove lib [gcc_s]
  remove lib [gcc]
  collapse library dir [/usr/lib/gcc/x86_64-linux-gnu/5] ==> [/usr/lib/gcc/x86_64-linux-gnu/5]
  collapse library dir [/usr/lib/gcc/x86_64-linux-gnu/5/../../../x86_64-linux-gnu] ==> [/usr/lib/x86_64-linux-gnu]
  collapse library dir [/usr/lib/gcc/x86_64-linux-gnu/5/../../../../lib] ==> [/usr/lib]
  collapse library dir [/lib/x86_64-linux-gnu] ==> [/lib/x86_64-linux-gnu]
  collapse library dir [/lib/../lib] ==> [/lib]
  collapse library dir [/usr/lib/x86_64-linux-gnu] ==> [/usr/lib/x86_64-linux-gnu]
  collapse library dir [/usr/lib/../lib] ==> [/usr/lib]
  collapse library dir [/usr/lib/gcc/x86_64-linux-gnu/5/../../..] ==> [/usr/lib]
  implicit libs: [stdc++;m;c]
  implicit dirs: [/usr/lib/gcc/x86_64-linux-gnu/5;/usr/lib/x86_64-linux-gnu;/usr/lib;/lib/x86_64-linux-gnu;/lib]
  implicit fwks: []




Detecting CXX [-std=c++14] compiler features compiled with the following output:
Change Dir: /home/stacia/eclipse-workspace/CompVisionProject/opencv/build/CMakeFiles/CMakeTmp

Run Build Command:"/usr/bin/make" "cmTC_1fa8a/fast"
/usr/bin/make -f CMakeFiles/cmTC_1fa8a.dir/build.make CMakeFiles/cmTC_1fa8a.dir/build
make[1]: Entering directory '/home/stacia/eclipse-workspace/CompVisionProject/opencv/build/CMakeFiles/CMakeTmp'
Building CXX object CMakeFiles/cmTC_1fa8a.dir/feature_tests.cxx.o
/usr/bin/c++     -std=c++14 -o CMakeFiles/cmTC_1fa8a.dir/feature_tests.cxx.o -c /home/stacia/eclipse-workspace/CompVisionProject/opencv/build/CMakeFiles/feature_tests.cxx
Linking CXX executable cmTC_1fa8a
/usr/bin/cmake -E cmake_link_script CMakeFiles/cmTC_1fa8a.dir/link.txt --verbose=1
/usr/bin/c++        CMakeFiles/cmTC_1fa8a.dir/feature_tests.cxx.o  -o cmTC_1fa8a -rdynamic 
make[1]: Leaving directory '/home/stacia/eclipse-workspace/CompVisionProject/opencv/build/CMakeFiles/CMakeTmp'


    Feature record: CXX_FEATURE:1cxx_aggregate_default_initializers
    Feature record: CXX_FEATURE:1cxx_alias_templates
    Feature record: CXX_FEATURE:1cxx_alignas
    Feature record: CXX_FEATURE:1cxx_alignof
    Feature record: CXX_FEATURE:1cxx_attributes
    Feature record: CXX_FEATURE:1cxx_attribute_deprecated
    Feature record: CXX_FEATURE:1cxx_auto_type
    Feature record: CXX_FEATURE:1cxx_binary_literals
    Feature record: CXX_FEATURE:1cxx_constexpr
    Feature record: CXX_FEATURE:1cxx_contextual_conversions
    Feature record: CXX_FEATURE:1cxx_decltype
    Feature record: CXX_FEATURE:1cxx_decltype_auto
    Feature record: CXX_FEATURE:1cxx_decltype_incomplete_return_types
    Feature record: CXX_FEATURE:1cxx_default_function_template_args
    Feature record: CXX_FEATURE:1cxx_defaulted_functions
    Feature record: CXX_FEATURE:1cxx_defaulted_move_initializers
    Feature record: CXX_FEATURE:1cxx_delegating_constructors
    Feature record: CXX_FEATURE:1cxx_deleted_functions
    Feature record: CXX_FEATURE:1cxx_digit_separators
    Feature record: CXX_FEATURE:1cxx_enum_forward_declarations
    Feature record: CXX_FEATURE:1cxx_explicit_conversions
    Feature record: CXX_FEATURE:1cxx_extended_friend_declarations
    Feature record: CXX_FEATURE:1cxx_extern_templates
    Feature record: CXX_FEATURE:1cxx_final
    Feature record: CXX_FEATURE:1cxx_func_identifier
    Feature record: CXX_FEATURE:1cxx_generalized_initializers
    Feature record: CXX_FEATURE:1cxx_generic_lambdas
    Feature record: CXX_FEATURE:1cxx_inheriting_constructors
    Feature record: CXX_FEATURE:1cxx_inline_namespaces
    Feature record: CXX_FEATURE:1cxx_lambdas
    Feature record: CXX_FEATURE:1cxx_lambda_init_captures
    Feature record: CXX_FEATURE:1cxx_local_type_template_args
    Feature record: CXX_FEATURE:1cxx_long_long_type
    Feature record: CXX_FEATURE:1cxx_noexcept
    Feature record: CXX_FEATURE:1cxx_nonstatic_member_init
    Feature record: CXX_FEATURE:1cxx_nullptr
    Feature record: CXX_FEATURE:1cxx_override
    Feature record: CXX_FEATURE:1cxx_range_for
    Feature record: CXX_FEATURE:1cxx_raw_string_literals
    Feature record: CXX_FEATURE:1cxx_reference_qualified_functions
    Feature record: CXX_FEATURE:1cxx_relaxed_constexpr
    Feature record: CXX_FEATURE:1cxx_return_type_deduction
    Feature record: CXX_FEATURE:1cxx_right_angle_brackets
    Feature record: CXX_FEATURE:1cxx_rvalue_references
    Feature record: CXX_FEATURE:1cxx_sizeof_member
    Feature record: CXX_FEATURE:1cxx_static_assert
    Feature record: CXX_FEATURE:1cxx_strong_enums
    Feature record: CXX_FEATURE:1cxx_template_template_parameters
    Feature record: CXX_FEATURE:1cxx_thread_local
    Feature record: CXX_FEATURE:1cxx_trailing_return_types
    Feature record: CXX_FEATURE:1cxx_unicode_literals
    Feature record: CXX_FEATURE:1cxx_uniform_initialization
    Feature record: CXX_FEATURE:1cxx_unrestricted_unions
    Feature record: CXX_FEATURE:1cxx_user_literals
    Feature record: CXX_FEATURE:1cxx_variable_templates
    Feature record: CXX_FEATURE:1cxx_variadic_macros
    Feature record: CXX_FEATURE:1cxx_variadic_templates


Detecting CXX [-std=c++11] compiler features compiled with the following output:
Change Dir: /home/stacia/eclipse-workspace/CompVisionProject/opencv/build/CMakeFiles/CMakeTmp

Run Build Command:"/usr/bin/make" "cmTC_ed919/fast"
/usr/bin/make -f CMakeFiles/cmTC_ed919.dir/build.make CMakeFiles/cmTC_ed919.dir/build
make[1]: Entering directory '/home/stacia/eclipse-workspace/CompVisionProject/opencv/build/CMakeFiles/CMakeTmp'
Building CXX object CMakeFiles/cmTC_ed919.dir/feature_tests.cxx.o
/usr/bin/c++     -std=c++11 -o CMakeFiles/cmTC_ed919.dir/feature_tests.cxx.o -c /home/stacia/eclipse-workspace/CompVisionProject/opencv/build/CMakeFiles/feature_tests.cxx
Linking CXX executable cmTC_ed919
/usr/bin/cmake -E cmake_link_script CMakeFiles/cmTC_ed919.dir/link.txt --verbose=1
/usr/bin/c++        CMakeFiles/cmTC_ed919.dir/feature_tests.cxx.o  -o cmTC_ed919 -rdynamic 
make[1]: Leaving directory '/home/stacia/eclipse-workspace/CompVisionProject/opencv/build/CMakeFiles/CMakeTmp'


    Feature record: CXX_FEATURE:0cxx_aggregate_default_initializers
    Feature record: CXX_FEATURE:1cxx_alias_templates
    Feature record: CXX_FEATURE:1cxx_alignas
    Feature record: CXX_FEATURE:1cxx_alignof
    Feature record: CXX_FEATURE:1cxx_attributes
    Feature record: CXX_FEATURE:0cxx_attribute_deprecated
    Feature record: CXX_FEATURE:1cxx_auto_type
    Feature record: CXX_FEATURE:0cxx_binary_literals
    Feature record: CXX_FEATURE:1cxx_constexpr
    Feature record: CXX_FEATURE:0cxx_contextual_conversions
    Feature record: CXX_FEATURE:1cxx_decltype
    Feature record: CXX_FEATURE:0cxx_decltype_auto
    Feature record: CXX_FEATURE:1cxx_decltype_incomplete_return_types
    Feature record: CXX_FEATURE:1cxx_default_function_template_args
    Feature record: CXX_FEATURE:1cxx_defaulted_functions
    Feature record: CXX_FEATURE:1cxx_defaulted_move_initializers
    Feature record: CXX_FEATURE:1cxx_delegating_constructors
    Feature record: CXX_FEATURE:1cxx_deleted_functions
    Feature record: CXX_FEATURE:0cxx_digit_separators
    Feature record: CXX_FEATURE:1cxx_enum_forward_declarations
    Feature record: CXX_FEATURE:1cxx_explicit_conversions
    Feature record: CXX_FEATURE:1cxx_extended_friend_declarations
    Feature record: CXX_FEATURE:1cxx_extern_templates
    Feature record: CXX_FEATURE:1cxx_final
    Feature record: CXX_FEATURE:1cxx_func_identifier
    Feature record: CXX_FEATURE:1cxx_generalized_initializers
    Feature record: CXX_FEATURE:0cxx_generic_lambdas
    Feature record: CXX_FEATURE:1cxx_inheriting_constructors
    Feature record: CXX_FEATURE:1cxx_inline_namespaces
    Feature record: CXX_FEATURE:1cxx_lambdas
    Feature record: CXX_FEATURE:0cxx_lambda_init_captures
    Feature record: CXX_FEATURE:1cxx_local_type_template_args
    Feature record: CXX_FEATURE:1cxx_long_long_type
    Feature record: CXX_FEATURE:1cxx_noexcept
    Feature record: CXX_FEATURE:1cxx_nonstatic_member_init
    Feature record: CXX_FEATURE:1cxx_nullptr
    Feature record: CXX_FEATURE:1cxx_override
    Feature record: CXX_FEATURE:1cxx_range_for
    Feature record: CXX_FEATURE:1cxx_raw_string_literals
    Feature record: CXX_FEATURE:1cxx_reference_qualified_functions
    Feature record: CXX_FEATURE:0cxx_relaxed_constexpr
    Feature record: CXX_FEATURE:0cxx_return_type_deduction
    Feature record: CXX_FEATURE:1cxx_right_angle_brackets
    Feature record: CXX_FEATURE:1cxx_rvalue_references
    Feature record: CXX_FEATURE:1cxx_sizeof_member
    Feature record: CXX_FEATURE:1cxx_static_assert
    Feature record: CXX_FEATURE:1cxx_strong_enums
    Feature record: CXX_FEATURE:1cxx_template_template_parameters
    Feature record: CXX_FEATURE:1cxx_thread_local
    Feature record: CXX_FEATURE:1cxx_trailing_return_types
    Feature record: CXX_FEATURE:1cxx_unicode_literals
    Feature record: CXX_FEATURE:1cxx_uniform_initialization
    Feature record: CXX_FEATURE:1cxx_unrestricted_unions
    Feature record: CXX_FEATURE:1cxx_user_literals
    Feature record: CXX_FEATURE:0cxx_variable_templates
    Feature record: CXX_FEATURE:1cxx_variadic_macros
    Feature record: CXX_FEATURE:1cxx_variadic_templates


Detecting CXX [-std=c++98] compiler features compiled with the following output:
Change Dir: /home/stacia/eclipse-workspace/CompVisionProject/opencv/build/CMakeFiles/CMakeTmp

Run Build Command:"/usr/bin/make" "cmTC_220dd/fast"
/usr/bin/make -f CMakeFiles/cmTC_220dd.dir/build.make CMakeFiles/cmTC_220dd.dir/build
make[1]: Entering directory '/home/stacia/eclipse-workspace/CompVisionProject/opencv/build/CMakeFiles/CMakeTmp'
Building CXX object CMakeFiles/cmTC_220dd.dir/feature_tests.cxx.o
/usr/bin/c++     -std=c++98 -o CMakeFiles/cmTC_220dd.dir/feature_tests.cxx.o -c /home/stacia/eclipse-workspace/CompVisionProject/opencv/build/CMakeFiles/feature_tests.cxx
Linking CXX executable cmTC_220dd
/usr/bin/cmake -E cmake_link_script CMakeFiles/cmTC_220dd.dir/link.txt --verbose=1
/usr/bin/c++        CMakeFiles/cmTC_220dd.dir/feature_tests.cxx.o  -o cmTC_220dd -rdynamic 
make[1]: Leaving directory '/home/stacia/eclipse-workspace/CompVisionProject/opencv/build/CMakeFiles/CMakeTmp'


    Feature record: CXX_FEATURE:0cxx_aggregate_default_initializers
    Feature record: CXX_FEATURE:0cxx_alias_templates
    Feature record: CXX_FEATURE:0cxx_alignas
    Feature record: CXX_FEATURE:0cxx_alignof
    Feature record: CXX_FEATURE:0cxx_attributes
    Feature record: CXX_FEATURE:0cxx_attribute_deprecated
    Feature record: CXX_FEATURE:0cxx_auto_type
    Feature record: CXX_FEATURE:0cxx_binary_literals
    Feature record: CXX_FEATURE:0cxx_constexpr
    Feature record: CXX_FEATURE:0cxx_contextual_conversions
    Feature record: CXX_FEATURE:0cxx_decltype
    Feature record: CXX_FEATURE:0cxx_decltype_auto
    Feature record: CXX_FEATURE:0cxx_decltype_incomplete_return_types
    Feature record: CXX_FEATURE:0cxx_default_function_template_args
    Feature record: CXX_FEATURE:0cxx_defaulted_functions
    Feature record: CXX_FEATURE:0cxx_defaulted_move_initializers
    Feature record: CXX_FEATURE:0cxx_delegating_constructors
    Feature record: CXX_FEATURE:0cxx_deleted_functions
    Feature record: CXX_FEATURE:0cxx_digit_separators
    Feature record: CXX_FEATURE:0cxx_enum_forward_declarations
    Feature record: CXX_FEATURE:0cxx_explicit_conversions
    Feature record: CXX_FEATURE:0cxx_extended_friend_declarations
    Feature record: CXX_FEATURE:0cxx_extern_templates
    Feature record: CXX_FEATURE:0cxx_final
    Feature record: CXX_FEATURE:0cxx_func_identifier
    Feature record: CXX_FEATURE:0cxx_generalized_initializers
    Feature record: CXX_FEATURE:0cxx_generic_lambdas
    Feature record: CXX_FEATURE:0cxx_inheriting_constructors
    Feature record: CXX_FEATURE:0cxx_inline_namespaces
    Feature record: CXX_FEATURE:0cxx_lambdas
    Feature record: CXX_FEATURE:0cxx_lambda_init_captures
    Feature record: CXX_FEATURE:0cxx_local_type_template_args
    Feature record: CXX_FEATURE:0cxx_long_long_type
    Feature record: CXX_FEATURE:0cxx_noexcept
    Feature record: CXX_FEATURE:0cxx_nonstatic_member_init
    Feature record: CXX_FEATURE:0cxx_nullptr
    Feature record: CXX_FEATURE:0cxx_override
    Feature record: CXX_FEATURE:0cxx_range_for
    Feature record: CXX_FEATURE:0cxx_raw_string_literals
    Feature record: CXX_FEATURE:0cxx_reference_qualified_functions
    Feature record: CXX_FEATURE:0cxx_relaxed_constexpr
    Feature record: CXX_FEATURE:0cxx_return_type_deduction
    Feature record: CXX_FEATURE:0cxx_right_angle_brackets
    Feature record: CXX_FEATURE:0cxx_rvalue_references
    Feature record: CXX_FEATURE:0cxx_sizeof_member
    Feature record: CXX_FEATURE:0cxx_static_assert
    Feature record: CXX_FEATURE:0cxx_strong_enums
    Feature record: CXX_FEATURE:1cxx_template_template_parameters
    Feature record: CXX_FEATURE:0cxx_thread_local
    Feature record: CXX_FEATURE:0cxx_trailing_return_types
    Feature record: CXX_FEATURE:0cxx_unicode_literals
    Feature record: CXX_FEATURE:0cxx_uniform_initialization
    Feature record: CXX_FEATURE:0cxx_unrestricted_unions
    Feature record: CXX_FEATURE:0cxx_user_literals
    Feature record: CXX_FEATURE:0cxx_variable_templates
    Feature record: CXX_FEATURE:0cxx_variadic_macros
    Feature record: CXX_FEATURE:0cxx_variadic_templates
Determining if the C compiler works passed with the following output:
Change Dir: /home/stacia/eclipse-workspace/CompVisionProject/opencv/build/CMakeFiles/CMakeTmp

Run Build Command:"/usr/bin/make" "cmTC_7861f/fast"
/usr/bin/make -f CMakeFiles/cmTC_7861f.dir/build.make CMakeFiles/cmTC_7861f.dir/build
make[1]: Entering directory '/home/stacia/eclipse-workspace/CompVisionProject/opencv/build/CMakeFiles/CMakeTmp'
Building C object CMakeFiles/cmTC_7861f.dir/testCCompiler.c.o
/usr/bin/cc     -o CMakeFiles/cmTC_7861f.dir/testCCompiler.c.o   -c /home/stacia/eclipse-workspace/CompVisionProject/opencv/build/CMakeFiles/CMakeTmp/testCCompiler.c
Linking C executable cmTC_7861f
/usr/bin/cmake -E cmake_link_script CMakeFiles/cmTC_7861f.dir/link.txt --verbose=1
/usr/bin/cc       CMakeFiles/cmTC_7861f.dir/testCCompiler.c.o  -o cmTC_7861f -rdynamic 
make[1]: Leaving directory '/home/stacia/eclipse-workspace/CompVisionProject/opencv/build/CMakeFiles/CMakeTmp'


Detecting C compiler ABI info compiled with the following output:
Change Dir: /home/stacia/eclipse-workspace/CompVisionProject/opencv/build/CMakeFiles/CMakeTmp

Run Build Command:"/usr/bin/make" "cmTC_6ffd1/fast"
/usr/bin/make -f CMakeFiles/cmTC_6ffd1.dir/build.make CMakeFiles/cmTC_6ffd1.dir/build
make[1]: Entering directory '/home/stacia/eclipse-workspace/CompVisionProject/opencv/build/CMakeFiles/CMakeTmp'
Building C object CMakeFiles/cmTC_6ffd1.dir/CMakeCCompilerABI.c.o
/usr/bin/cc     -o CMakeFiles/cmTC_6ffd1.dir/CMakeCCompilerABI.c.o   -c /usr/share/cmake-3.5/Modules/CMakeCCompilerABI.c
Linking C executable cmTC_6ffd1
/usr/bin/cmake -E cmake_link_script CMakeFiles/cmTC_6ffd1.dir/link.txt --verbose=1
/usr/bin/cc      -v CMakeFiles/cmTC_6ffd1.dir/CMakeCCompilerABI.c.o  -o cmTC_6ffd1 -rdynamic  
Using built-in specs.
COLLECT_GCC=/usr/bin/cc
COLLECT_LTO_WRAPPER=/usr/lib/gcc/x86_64-linux-gnu/5/lto-wrapper
Target: x86_64-linux-gnu
Configured with: ../src/configure -v --with-pkgversion='Ubuntu 5.4.0-6ubuntu1~16.04.4' --with-bugurl=file:///usr/share/doc/gcc-5/README.Bugs --enable-languages=c,ada,c++,java,go,d,fortran,objc,obj-c++ --prefix=/usr --program-suffix=-5 --enable-shared --enable-linker-build-id --libexecdir=/usr/lib --without-included-gettext --enable-threads=posix --libdir=/usr/lib --enable-nls --with-sysroot=/ --enable-clocale=gnu --enable-libstdcxx-debug --enable-libstdcxx-time=yes --with-default-libstdcxx-abi=new --enable-gnu-unique-object --disable-vtable-verify --enable-libmpx --enable-plugin --with-system-zlib --disable-browser-plugin --enable-java-awt=gtk --enable-gtk-cairo --with-java-home=/usr/lib/jvm/java-1.5.0-gcj-5-amd64/jre --enable-java-home --with-jvm-root-dir=/usr/lib/jvm/java-1.5.0-gcj-5-amd64 --with-jvm-jar-dir=/usr/lib/jvm-exports/java-1.5.0-gcj-5-amd64 --with-arch-directory=amd64 --with-ecj-jar=/usr/share/java/eclipse-ecj.jar --enable-objc-gc --enable-multiarch --disable-werror --with-arch-32=i686 --with-abi=m64 --with-multilib-list=m32,m64,mx32 --enable-multilib --with-tune=generic --enable-checking=release --build=x86_64-linux-gnu --host=x86_64-linux-gnu --target=x86_64-linux-gnu
Thread model: posix
gcc version 5.4.0 20160609 (Ubuntu 5.4.0-6ubuntu1~16.04.4) 
COMPILER_PATH=/usr/lib/gcc/x86_64-linux-gnu/5/:/usr/lib/gcc/x86_64-linux-gnu/5/:/usr/lib/gcc/x86_64-linux-gnu/:/usr/lib/gcc/x86_64-linux-gnu/5/:/usr/lib/gcc/x86_64-linux-gnu/
LIBRARY_PATH=/usr/lib/gcc/x86_64-linux-gnu/5/:/usr/lib/gcc/x86_64-linux-gnu/5/../../../x86_64-linux-gnu/:/usr/lib/gcc/x86_64-linux-gnu/5/../../../../lib/:/lib/x86_64-linux-gnu/:/lib/../lib/:/usr/lib/x86_64-linux-gnu/:/usr/lib/../lib/:/usr/lib/gcc/x86_64-linux-gnu/5/../../../:/lib/:/usr/lib/
COLLECT_GCC_OPTIONS='-v' '-o' 'cmTC_6ffd1' '-rdynamic' '-mtune=generic' '-march=x86-64'
 /usr/lib/gcc/x86_64-linux-gnu/5/collect2 -plugin /usr/lib/gcc/x86_64-linux-gnu/5/liblto_plugin.so -plugin-opt=/usr/lib/gcc/x86_64-linux-gnu/5/lto-wrapper -plugin-opt=-fresolution=/tmp/ccjxSZhL.res -plugin-opt=-pass-through=-lgcc -plugin-opt=-pass-through=-lgcc_s -plugin-opt=-pass-through=-lc -plugin-opt=-pass-through=-lgcc -plugin-opt=-pass-through=-lgcc_s --sysroot=/ --build-id --eh-frame-hdr -m elf_x86_64 --hash-style=gnu --as-needed -export-dynamic -dynamic-linker /lib64/ld-linux-x86-64.so.2 -z relro -o cmTC_6ffd1 /usr/lib/gcc/x86_64-linux-gnu/5/../../../x86_64-linux-gnu/crt1.o /usr/lib/gcc/x86_64-linux-gnu/5/../../../x86_64-linux-gnu/crti.o /usr/lib/gcc/x86_64-linux-gnu/5/crtbegin.o -L/usr/lib/gcc/x86_64-linux-gnu/5 -L/usr/lib/gcc/x86_64-linux-gnu/5/../../../x86_64-linux-gnu -L/usr/lib/gcc/x86_64-linux-gnu/5/../../../../lib -L/lib/x86_64-linux-gnu -L/lib/../lib -L/usr/lib/x86_64-linux-gnu -L/usr/lib/../lib -L/usr/lib/gcc/x86_64-linux-gnu/5/../../.. CMakeFiles/cmTC_6ffd1.dir/CMakeCCompilerABI.c.o -lgcc --as-needed -lgcc_s --no-as-needed -lc -lgcc --as-needed -lgcc_s --no-as-needed /usr/lib/gcc/x86_64-linux-gnu/5/crtend.o /usr/lib/gcc/x86_64-linux-gnu/5/../../../x86_64-linux-gnu/crtn.o
make[1]: Leaving directory '/home/stacia/eclipse-workspace/CompVisionProject/opencv/build/CMakeFiles/CMakeTmp'


Parsed C implicit link information from above output:
  link line regex: [^( *|.*[/\])(ld|([^/\]+-)?ld|collect2)[^/\]*( |$)]
  ignore line: [Change Dir: /home/stacia/eclipse-workspace/CompVisionProject/opencv/build/CMakeFiles/CMakeTmp]
  ignore line: []
  ignore line: [Run Build Command:"/usr/bin/make" "cmTC_6ffd1/fast"]
  ignore line: [/usr/bin/make -f CMakeFiles/cmTC_6ffd1.dir/build.make CMakeFiles/cmTC_6ffd1.dir/build]
  ignore line: [make[1]: Entering directory '/home/stacia/eclipse-workspace/CompVisionProject/opencv/build/CMakeFiles/CMakeTmp']
  ignore line: [Building C object CMakeFiles/cmTC_6ffd1.dir/CMakeCCompilerABI.c.o]
  ignore line: [/usr/bin/cc     -o CMakeFiles/cmTC_6ffd1.dir/CMakeCCompilerABI.c.o   -c /usr/share/cmake-3.5/Modules/CMakeCCompilerABI.c]
  ignore line: [Linking C executable cmTC_6ffd1]
  ignore line: [/usr/bin/cmake -E cmake_link_script CMakeFiles/cmTC_6ffd1.dir/link.txt --verbose=1]
  ignore line: [/usr/bin/cc      -v CMakeFiles/cmTC_6ffd1.dir/CMakeCCompilerABI.c.o  -o cmTC_6ffd1 -rdynamic  ]
  ignore line: [Using built-in specs.]
  ignore line: [COLLECT_GCC=/usr/bin/cc]
  ignore line: [COLLECT_LTO_WRAPPER=/usr/lib/gcc/x86_64-linux-gnu/5/lto-wrapper]
  ignore line: [Target: x86_64-linux-gnu]
  ignore line: [Configured with: ../src/configure -v --with-pkgversion='Ubuntu 5.4.0-6ubuntu1~16.04.4' --with-bugurl=file:///usr/share/doc/gcc-5/README.Bugs --enable-languages=c,ada,c++,java,go,d,fortran,objc,obj-c++ --prefix=/usr --program-suffix=-5 --enable-shared --enable-linker-build-id --libexecdir=/usr/lib --without-included-gettext --enable-threads=posix --libdir=/usr/lib --enable-nls --with-sysroot=/ --enable-clocale=gnu --enable-libstdcxx-debug --enable-libstdcxx-time=yes --with-default-libstdcxx-abi=new --enable-gnu-unique-object --disable-vtable-verify --enable-libmpx --enable-plugin --with-system-zlib --disable-browser-plugin --enable-java-awt=gtk --enable-gtk-cairo --with-java-home=/usr/lib/jvm/java-1.5.0-gcj-5-amd64/jre --enable-java-home --with-jvm-root-dir=/usr/lib/jvm/java-1.5.0-gcj-5-amd64 --with-jvm-jar-dir=/usr/lib/jvm-exports/java-1.5.0-gcj-5-amd64 --with-arch-directory=amd64 --with-ecj-jar=/usr/share/java/eclipse-ecj.jar --enable-objc-gc --enable-multiarch --disable-werror --with-arch-32=i686 --with-abi=m64 --with-multilib-list=m32,m64,mx32 --enable-multilib --with-tune=generic --enable-checking=release --build=x86_64-linux-gnu --host=x86_64-linux-gnu --target=x86_64-linux-gnu]
  ignore line: [Thread model: posix]
  ignore line: [gcc version 5.4.0 20160609 (Ubuntu 5.4.0-6ubuntu1~16.04.4) ]
  ignore line: [COMPILER_PATH=/usr/lib/gcc/x86_64-linux-gnu/5/:/usr/lib/gcc/x86_64-linux-gnu/5/:/usr/lib/gcc/x86_64-linux-gnu/:/usr/lib/gcc/x86_64-linux-gnu/5/:/usr/lib/gcc/x86_64-linux-gnu/]
  ignore line: [LIBRARY_PATH=/usr/lib/gcc/x86_64-linux-gnu/5/:/usr/lib/gcc/x86_64-linux-gnu/5/../../../x86_64-linux-gnu/:/usr/lib/gcc/x86_64-linux-gnu/5/../../../../lib/:/lib/x86_64-linux-gnu/:/lib/../lib/:/usr/lib/x86_64-linux-gnu/:/usr/lib/../lib/:/usr/lib/gcc/x86_64-linux-gnu/5/../../../:/lib/:/usr/lib/]
  ignore line: [COLLECT_GCC_OPTIONS='-v' '-o' 'cmTC_6ffd1' '-rdynamic' '-mtune=generic' '-march=x86-64']
  link line: [ /usr/lib/gcc/x86_64-linux-gnu/5/collect2 -plugin /usr/lib/gcc/x86_64-linux-gnu/5/liblto_plugin.so -plugin-opt=/usr/lib/gcc/x86_64-linux-gnu/5/lto-wrapper -plugin-opt=-fresolution=/tmp/ccjxSZhL.res -plugin-opt=-pass-through=-lgcc -plugin-opt=-pass-through=-lgcc_s -plugin-opt=-pass-through=-lc -plugin-opt=-pass-through=-lgcc -plugin-opt=-pass-through=-lgcc_s --sysroot=/ --build-id --eh-frame-hdr -m elf_x86_64 --hash-style=gnu --as-needed -export-dynamic -dynamic-linker /lib64/ld-linux-x86-64.so.2 -z relro -o cmTC_6ffd1 /usr/lib/gcc/x86_64-linux-gnu/5/../../../x86_64-linux-gnu/crt1.o /usr/lib/gcc/x86_64-linux-gnu/5/../../../x86_64-linux-gnu/crti.o /usr/lib/gcc/x86_64-linux-gnu/5/crtbegin.o -L/usr/lib/gcc/x86_64-linux-gnu/5 -L/usr/lib/gcc/x86_64-linux-gnu/5/../../../x86_64-linux-gnu -L/usr/lib/gcc/x86_64-linux-gnu/5/../../../../lib -L/lib/x86_64-linux-gnu -L/lib/../lib -L/usr/lib/x86_64-linux-gnu -L/usr/lib/../lib -L/usr/lib/gcc/x86_64-linux-gnu/5/../../.. CMakeFiles/cmTC_6ffd1.dir/CMakeCCompilerABI.c.o -lgcc --as-needed -lgcc_s --no-as-needed -lc -lgcc --as-needed -lgcc_s --no-as-needed /usr/lib/gcc/x86_64-linux-gnu/5/crtend.o /usr/lib/gcc/x86_64-linux-gnu/5/../../../x86_64-linux-gnu/crtn.o]
    arg [/usr/lib/gcc/x86_64-linux-gnu/5/collect2] ==> ignore
    arg [-plugin] ==> ignore
    arg [/usr/lib/gcc/x86_64-linux-gnu/5/liblto_plugin.so] ==> ignore
    arg [-plugin-opt=/usr/lib/gcc/x86_64-linux-gnu/5/lto-wrapper] ==> ignore
    arg [-plugin-opt=-fresolution=/tmp/ccjxSZhL.res] ==> ignore
    arg [-plugin-opt=-pass-through=-lgcc] ==> ignore
    arg [-plugin-opt=-pass-through=-lgcc_s] ==> ignore
    arg [-plugin-opt=-pass-through=-lc] ==> ignore
    arg [-plugin-opt=-pass-through=-lgcc] ==> ignore
    arg [-plugin-opt=-pass-through=-lgcc_s] ==> ignore
    arg [--sysroot=/] ==> ignore
    arg [--build-id] ==> ignore
    arg [--eh-frame-hdr] ==> ignore
    arg [-m] ==> ignore
    arg [elf_x86_64] ==> ignore
    arg [--hash-style=gnu] ==> ignore
    arg [--as-needed] ==> ignore
    arg [-export-dynamic] ==> ignore
    arg [-dynamic-linker] ==> ignore
    arg [/lib64/ld-linux-x86-64.so.2] ==> ignore
    arg [-zrelro] ==> ignore
    arg [-o] ==> ignore
    arg [cmTC_6ffd1] ==> ignore
    arg [/usr/lib/gcc/x86_64-linux-gnu/5/../../../x86_64-linux-gnu/crt1.o] ==> ignore
    arg [/usr/lib/gcc/x86_64-linux-gnu/5/../../../x86_64-linux-gnu/crti.o] ==> ignore
    arg [/usr/lib/gcc/x86_64-linux-gnu/5/crtbegin.o] ==> ignore
    arg [-L/usr/lib/gcc/x86_64-linux-gnu/5] ==> dir [/usr/lib/gcc/x86_64-linux-gnu/5]
    arg [-L/usr/lib/gcc/x86_64-linux-gnu/5/../../../x86_64-linux-gnu] ==> dir [/usr/lib/gcc/x86_64-linux-gnu/5/../../../x86_64-linux-gnu]
    arg [-L/usr/lib/gcc/x86_64-linux-gnu/5/../../../../lib] ==> dir [/usr/lib/gcc/x86_64-linux-gnu/5/../../../../lib]
    arg [-L/lib/x86_64-linux-gnu] ==> dir [/lib/x86_64-linux-gnu]
    arg [-L/lib/../lib] ==> dir [/lib/../lib]
    arg [-L/usr/lib/x86_64-linux-gnu] ==> dir [/usr/lib/x86_64-linux-gnu]
    arg [-L/usr/lib/../lib] ==> dir [/usr/lib/../lib]
    arg [-L/usr/lib/gcc/x86_64-linux-gnu/5/../../..] ==> dir [/usr/lib/gcc/x86_64-linux-gnu/5/../../..]
    arg [CMakeFiles/cmTC_6ffd1.dir/CMakeCCompilerABI.c.o] ==> ignore
    arg [-lgcc] ==> lib [gcc]
    arg [--as-needed] ==> ignore
    arg [-lgcc_s] ==> lib [gcc_s]
    arg [--no-as-needed] ==> ignore
    arg [-lc] ==> lib [c]
    arg [-lgcc] ==> lib [gcc]
    arg [--as-needed] ==> ignore
    arg [-lgcc_s] ==> lib [gcc_s]
    arg [--no-as-needed] ==> ignore
    arg [/usr/lib/gcc/x86_64-linux-gnu/5/crtend.o] ==> ignore
    arg [/usr/lib/gcc/x86_64-linux-gnu/5/../../../x86_64-linux-gnu/crtn.o] ==> ignore
  remove lib [gcc]
  remove lib [gcc_s]
  remove lib [gcc]
  remove lib [gcc_s]
  collapse library dir [/usr/lib/gcc/x86_64-linux-gnu/5] ==> [/usr/lib/gcc/x86_64-linux-gnu/5]
  collapse library dir [/usr/lib/gcc/x86_64-linux-gnu/5/../../../x86_64-linux-gnu] ==> [/usr/lib/x86_64-linux-gnu]
  collapse library dir [/usr/lib/gcc/x86_64-linux-gnu/5/../../../../lib] ==> [/usr/lib]
  collapse library dir [/lib/x86_64-linux-gnu] ==> [/lib/x86_64-linux-gnu]
  collapse library dir [/lib/../lib] ==> [/lib]
  collapse library dir [/usr/lib/x86_64-linux-gnu] ==> [/usr/lib/x86_64-linux-gnu]
  collapse library dir [/usr/lib/../lib] ==> [/usr/lib]
  collapse library dir [/usr/lib/gcc/x86_64-linux-gnu/5/../../..] ==> [/usr/lib]
  implicit libs: [c]
  implicit dirs: [/usr/lib/gcc/x86_64-linux-gnu/5;/usr/lib/x86_64-linux-gnu;/usr/lib;/lib/x86_64-linux-gnu;/lib]
  implicit fwks: []




Detecting C [-std=c11] compiler features compiled with the following output:
Change Dir: /home/stacia/eclipse-workspace/CompVisionProject/opencv/build/CMakeFiles/CMakeTmp

Run Build Command:"/usr/bin/make" "cmTC_dc3a5/fast"
/usr/bin/make -f CMakeFiles/cmTC_dc3a5.dir/build.make CMakeFiles/cmTC_dc3a5.dir/build
make[1]: Entering directory '/home/stacia/eclipse-workspace/CompVisionProject/opencv/build/CMakeFiles/CMakeTmp'
Building C object CMakeFiles/cmTC_dc3a5.dir/feature_tests.c.o
/usr/bin/cc    -std=c11 -o CMakeFiles/cmTC_dc3a5.dir/feature_tests.c.o   -c /home/stacia/eclipse-workspace/CompVisionProject/opencv/build/CMakeFiles/feature_tests.c
Linking C executable cmTC_dc3a5
/usr/bin/cmake -E cmake_link_script CMakeFiles/cmTC_dc3a5.dir/link.txt --verbose=1
/usr/bin/cc       CMakeFiles/cmTC_dc3a5.dir/feature_tests.c.o  -o cmTC_dc3a5 -rdynamic 
make[1]: Leaving directory '/home/stacia/eclipse-workspace/CompVisionProject/opencv/build/CMakeFiles/CMakeTmp'


    Feature record: C_FEATURE:1c_function_prototypes
    Feature record: C_FEATURE:1c_restrict
    Feature record: C_FEATURE:1c_static_assert
    Feature record: C_FEATURE:1c_variadic_macros


Detecting C [-std=c99] compiler features compiled with the following output:
Change Dir: /home/stacia/eclipse-workspace/CompVisionProject/opencv/build/CMakeFiles/CMakeTmp

Run Build Command:"/usr/bin/make" "cmTC_e7e27/fast"
/usr/bin/make -f CMakeFiles/cmTC_e7e27.dir/build.make CMakeFiles/cmTC_e7e27.dir/build
make[1]: Entering directory '/home/stacia/eclipse-workspace/CompVisionProject/opencv/build/CMakeFiles/CMakeTmp'
Building C object CMakeFiles/cmTC_e7e27.dir/feature_tests.c.o
/usr/bin/cc    -std=c99 -o CMakeFiles/cmTC_e7e27.dir/feature_tests.c.o   -c /home/stacia/eclipse-workspace/CompVisionProject/opencv/build/CMakeFiles/feature_tests.c
Linking C executable cmTC_e7e27
/usr/bin/cmake -E cmake_link_script CMakeFiles/cmTC_e7e27.dir/link.txt --verbose=1
/usr/bin/cc       CMakeFiles/cmTC_e7e27.dir/feature_tests.c.o  -o cmTC_e7e27 -rdynamic 
make[1]: Leaving directory '/home/stacia/eclipse-workspace/CompVisionProject/opencv/build/CMakeFiles/CMakeTmp'


    Feature record: C_FEATURE:1c_function_prototypes
    Feature record: C_FEATURE:1c_restrict
    Feature record: C_FEATURE:0c_static_assert
    Feature record: C_FEATURE:1c_variadic_macros


Detecting C [-std=c90] compiler features compiled with the following output:
Change Dir: /home/stacia/eclipse-workspace/CompVisionProject/opencv/build/CMakeFiles/CMakeTmp

Run Build Command:"/usr/bin/make" "cmTC_4b32f/fast"
/usr/bin/make -f CMakeFiles/cmTC_4b32f.dir/build.make CMakeFiles/cmTC_4b32f.dir/build
make[1]: Entering directory '/home/stacia/eclipse-workspace/CompVisionProject/opencv/build/CMakeFiles/CMakeTmp'
Building C object CMakeFiles/cmTC_4b32f.dir/feature_tests.c.o
/usr/bin/cc    -std=c90 -o CMakeFiles/cmTC_4b32f.dir/feature_tests.c.o   -c /home/stacia/eclipse-workspace/CompVisionProject/opencv/build/CMakeFiles/feature_tests.c
Linking C executable cmTC_4b32f
/usr/bin/cmake -E cmake_link_script CMakeFiles/cmTC_4b32f.dir/link.txt --verbose=1
/usr/bin/cc       CMakeFiles/cmTC_4b32f.dir/feature_tests.c.o  -o cmTC_4b32f -rdynamic 
make[1]: Leaving directory '/home/stacia/eclipse-workspace/CompVisionProject/opencv/build/CMakeFiles/CMakeTmp'


    Feature record: C_FEATURE:1c_function_prototypes
    Feature record: C_FEATURE:0c_restrict
    Feature record: C_FEATURE:0c_static_assert
    Feature record: C_FEATURE:0c_variadic_macros
Determining if the include file pthread.h exists passed with the following output:
Change Dir: /home/stacia/eclipse-workspace/CompVisionProject/opencv/build/CMakeFiles/CMakeTmp

Run Build Command:"/usr/bin/make" "cmTC_ac318/fast"
/usr/bin/make -f CMakeFiles/cmTC_ac318.dir/build.make CMakeFiles/cmTC_ac318.dir/build
make[1]: Entering directory '/home/stacia/eclipse-workspace/CompVisionProject/opencv/build/CMakeFiles/CMakeTmp'
Building C object CMakeFiles/cmTC_ac318.dir/CheckIncludeFile.c.o
/usr/bin/cc    -fPIC   -fsigned-char -W -Wall -Werror=return-type -Werror=non-virtual-dtor -Werror=address -Werror=sequence-point -Wformat -Werror=format-security -Wmissing-declarations -Wmissing-prototypes -Wstrict-prototypes -Wundef -Winit-self -Wpointer-arith -Wshadow -Wuninitialized -Winit-self -Wno-narrowing -Wno-comment -fdiagnostics-show-option -Wno-long-long -pthread -fomit-frame-pointer -ffunction-sections  -msse -msse2 -msse3 -fvisibility=hidden  -O3 -DNDEBUG   -o CMakeFiles/cmTC_ac318.dir/CheckIncludeFile.c.o   -c /home/stacia/eclipse-workspace/CompVisionProject/opencv/build/CMakeFiles/CMakeTmp/CheckIncludeFile.c
Linking C executable cmTC_ac318
/usr/bin/cmake -E cmake_link_script CMakeFiles/cmTC_ac318.dir/link.txt --verbose=1
/usr/bin/cc   -fPIC   -fsigned-char -W -Wall -Werror=return-type -Werror=non-virtual-dtor -Werror=address -Werror=sequence-point -Wformat -Werror=format-security -Wmissing-declarations -Wmissing-prototypes -Wstrict-prototypes -Wundef -Winit-self -Wpointer-arith -Wshadow -Wuninitialized -Winit-self -Wno-narrowing -Wno-comment -fdiagnostics-show-option -Wno-long-long -pthread -fomit-frame-pointer -ffunction-sections  -msse -msse2 -msse3 -fvisibility=hidden  -O3 -DNDEBUG     CMakeFiles/cmTC_ac318.dir/CheckIncludeFile.c.o  -o cmTC_ac318 -rdynamic 
make[1]: Leaving directory '/home/stacia/eclipse-workspace/CompVisionProject/opencv/build/CMakeFiles/CMakeTmp'


Determining if the posix_memalign exist passed with the following output:
Change Dir: /home/stacia/eclipse-workspace/CompVisionProject/opencv/build/CMakeFiles/CMakeTmp

Run Build Command:"/usr/bin/make" "cmTC_7183b/fast"
/usr/bin/make -f CMakeFiles/cmTC_7183b.dir/build.make CMakeFiles/cmTC_7183b.dir/build
make[1]: Entering directory '/home/stacia/eclipse-workspace/CompVisionProject/opencv/build/CMakeFiles/CMakeTmp'
Building C object CMakeFiles/cmTC_7183b.dir/CheckSymbolExists.c.o
/usr/bin/cc    -fPIC   -fsigned-char -W -Wall -Werror=return-type -Werror=non-virtual-dtor -Werror=address -Werror=sequence-point -Wformat -Werror=format-security -Wmissing-declarations -Wmissing-prototypes -Wstrict-prototypes -Wundef -Winit-self -Wpointer-arith -Wshadow -Wuninitialized -Winit-self -Wno-narrowing -Wno-comment -fdiagnostics-show-option -Wno-long-long -pthread -fomit-frame-pointer -ffunction-sections  -msse -msse2 -msse3 -fvisibility=hidden  -O3 -DNDEBUG   -o CMakeFiles/cmTC_7183b.dir/CheckSymbolExists.c.o   -c /home/stacia/eclipse-workspace/CompVisionProject/opencv/build/CMakeFiles/CMakeTmp/CheckSymbolExists.c
Linking C executable cmTC_7183b
/usr/bin/cmake -E cmake_link_script CMakeFiles/cmTC_7183b.dir/link.txt --verbose=1
/usr/bin/cc   -fPIC   -fsigned-char -W -Wall -Werror=return-type -Werror=non-virtual-dtor -Werror=address -Werror=sequence-point -Wformat -Werror=format-security -Wmissing-declarations -Wmissing-prototypes -Wstrict-prototypes -Wundef -Winit-self -Wpointer-arith -Wshadow -Wuninitialized -Winit-self -Wno-narrowing -Wno-comment -fdiagnostics-show-option -Wno-long-long -pthread -fomit-frame-pointer -ffunction-sections  -msse -msse2 -msse3 -fvisibility=hidden  -O3 -DNDEBUG     CMakeFiles/cmTC_7183b.dir/CheckSymbolExists.c.o  -o cmTC_7183b -rdynamic 
make[1]: Leaving directory '/home/stacia/eclipse-workspace/CompVisionProject/opencv/build/CMakeFiles/CMakeTmp'

File /home/stacia/eclipse-workspace/CompVisionProject/opencv/build/CMakeFiles/CMakeTmp/CheckSymbolExists.c:
/* */
#include <stdlib.h>

int main(int argc, char** argv)
{
  (void)argv;
#ifndef posix_memalign
  return ((int*)(&posix_memalign))[argc];
#else
  (void)argc;
  return 0;
#endif
}

Determining if the include file malloc.h exists passed with the following output:
Change Dir: /home/stacia/eclipse-workspace/CompVisionProject/opencv/build/CMakeFiles/CMakeTmp

Run Build Command:"/usr/bin/make" "cmTC_5cd2e/fast"
/usr/bin/make -f CMakeFiles/cmTC_5cd2e.dir/build.make CMakeFiles/cmTC_5cd2e.dir/build
make[1]: Entering directory '/home/stacia/eclipse-workspace/CompVisionProject/opencv/build/CMakeFiles/CMakeTmp'
Building C object CMakeFiles/cmTC_5cd2e.dir/CheckIncludeFile.c.o
/usr/bin/cc    -fPIC   -fsigned-char -W -Wall -Werror=return-type -Werror=non-virtual-dtor -Werror=address -Werror=sequence-point -Wformat -Werror=format-security -Wmissing-declarations -Wmissing-prototypes -Wstrict-prototypes -Wundef -Winit-self -Wpointer-arith -Wshadow -Wuninitialized -Winit-self -Wno-narrowing -Wno-comment -fdiagnostics-show-option -Wno-long-long -pthread -fomit-frame-pointer -ffunction-sections  -msse -msse2 -msse3 -fvisibility=hidden  -O3 -DNDEBUG   -o CMakeFiles/cmTC_5cd2e.dir/CheckIncludeFile.c.o   -c /home/stacia/eclipse-workspace/CompVisionProject/opencv/build/CMakeFiles/CMakeTmp/CheckIncludeFile.c
Linking C executable cmTC_5cd2e
/usr/bin/cmake -E cmake_link_script CMakeFiles/cmTC_5cd2e.dir/link.txt --verbose=1
/usr/bin/cc   -fPIC   -fsigned-char -W -Wall -Werror=return-type -Werror=non-virtual-dtor -Werror=address -Werror=sequence-point -Wformat -Werror=format-security -Wmissing-declarations -Wmissing-prototypes -Wstrict-prototypes -Wundef -Winit-self -Wpointer-arith -Wshadow -Wuninitialized -Winit-self -Wno-narrowing -Wno-comment -fdiagnostics-show-option -Wno-long-long -pthread -fomit-frame-pointer -ffunction-sections  -msse -msse2 -msse3 -fvisibility=hidden  -O3 -DNDEBUG     CMakeFiles/cmTC_5cd2e.dir/CheckIncludeFile.c.o  -o cmTC_5cd2e -rdynamic 
make[1]: Leaving directory '/home/stacia/eclipse-workspace/CompVisionProject/opencv/build/CMakeFiles/CMakeTmp'


Determining if the memalign exist passed with the following output:
Change Dir: /home/stacia/eclipse-workspace/CompVisionProject/opencv/build/CMakeFiles/CMakeTmp

Run Build Command:"/usr/bin/make" "cmTC_2908d/fast"
/usr/bin/make -f CMakeFiles/cmTC_2908d.dir/build.make CMakeFiles/cmTC_2908d.dir/build
make[1]: Entering directory '/home/stacia/eclipse-workspace/CompVisionProject/opencv/build/CMakeFiles/CMakeTmp'
Building C object CMakeFiles/cmTC_2908d.dir/CheckSymbolExists.c.o
/usr/bin/cc    -fPIC   -fsigned-char -W -Wall -Werror=return-type -Werror=non-virtual-dtor -Werror=address -Werror=sequence-point -Wformat -Werror=format-security -Wmissing-declarations -Wmissing-prototypes -Wstrict-prototypes -Wundef -Winit-self -Wpointer-arith -Wshadow -Wuninitialized -Winit-self -Wno-narrowing -Wno-comment -fdiagnostics-show-option -Wno-long-long -pthread -fomit-frame-pointer -ffunction-sections  -msse -msse2 -msse3 -fvisibility=hidden  -O3 -DNDEBUG   -o CMakeFiles/cmTC_2908d.dir/CheckSymbolExists.c.o   -c /home/stacia/eclipse-workspace/CompVisionProject/opencv/build/CMakeFiles/CMakeTmp/CheckSymbolExists.c
Linking C executable cmTC_2908d
/usr/bin/cmake -E cmake_link_script CMakeFiles/cmTC_2908d.dir/link.txt --verbose=1
/usr/bin/cc   -fPIC   -fsigned-char -W -Wall -Werror=return-type -Werror=non-virtual-dtor -Werror=address -Werror=sequence-point -Wformat -Werror=format-security -Wmissing-declarations -Wmissing-prototypes -Wstrict-prototypes -Wundef -Winit-self -Wpointer-arith -Wshadow -Wuninitialized -Winit-self -Wno-narrowing -Wno-comment -fdiagnostics-show-option -Wno-long-long -pthread -fomit-frame-pointer -ffunction-sections  -msse -msse2 -msse3 -fvisibility=hidden  -O3 -DNDEBUG     CMakeFiles/cmTC_2908d.dir/CheckSymbolExists.c.o  -o cmTC_2908d -rdynamic 
make[1]: Leaving directory '/home/stacia/eclipse-workspace/CompVisionProject/opencv/build/CMakeFiles/CMakeTmp'

File /home/stacia/eclipse-workspace/CompVisionProject/opencv/build/CMakeFiles/CMakeTmp/CheckSymbolExists.c:
/* */
#include <malloc.h>

int main(int argc, char** argv)
{
  (void)argv;
#ifndef memalign
  return ((int*)(&memalign))[argc];
#else
  (void)argc;
  return 0;
#endif
}

Determining if the include file sys/types.h exists passed with the following output:
Change Dir: /home/stacia/eclipse-workspace/CompVisionProject/opencv/build/CMakeFiles/CMakeTmp

Run Build Command:"/usr/bin/make" "cmTC_26340/fast"
/usr/bin/make -f CMakeFiles/cmTC_26340.dir/build.make CMakeFiles/cmTC_26340.dir/build
make[1]: Entering directory '/home/stacia/eclipse-workspace/CompVisionProject/opencv/build/CMakeFiles/CMakeTmp'
Building C object CMakeFiles/cmTC_26340.dir/CheckIncludeFile.c.o
/usr/bin/cc    -fPIC   -fsigned-char -W -Wall -Werror=return-type -Werror=non-virtual-dtor -Werror=address -Werror=sequence-point -Wformat -Werror=format-security -Wmissing-declarations -Wmissing-prototypes -Wstrict-prototypes -Wundef -Winit-self -Wpointer-arith -Wshadow -Wuninitialized -Winit-self -Wno-narrowing -Wno-comment -fdiagnostics-show-option -Wno-long-long -pthread -fomit-frame-pointer -ffunction-sections  -msse -msse2 -msse3 -fvisibility=hidden  -O3 -DNDEBUG   -o CMakeFiles/cmTC_26340.dir/CheckIncludeFile.c.o   -c /home/stacia/eclipse-workspace/CompVisionProject/opencv/build/CMakeFiles/CMakeTmp/CheckIncludeFile.c
Linking C executable cmTC_26340
/usr/bin/cmake -E cmake_link_script CMakeFiles/cmTC_26340.dir/link.txt --verbose=1
/usr/bin/cc   -fPIC   -fsigned-char -W -Wall -Werror=return-type -Werror=non-virtual-dtor -Werror=address -Werror=sequence-point -Wformat -Werror=format-security -Wmissing-declarations -Wmissing-prototypes -Wstrict-prototypes -Wundef -Winit-self -Wpointer-arith -Wshadow -Wuninitialized -Winit-self -Wno-narrowing -Wno-comment -fdiagnostics-show-option -Wno-long-long -pthread -fomit-frame-pointer -ffunction-sections  -msse -msse2 -msse3 -fvisibility=hidden  -O3 -DNDEBUG     CMakeFiles/cmTC_26340.dir/CheckIncludeFile.c.o  -o cmTC_26340 -rdynamic 
make[1]: Leaving directory '/home/stacia/eclipse-workspace/CompVisionProject/opencv/build/CMakeFiles/CMakeTmp'


Determining if the include file stdint.h exists passed with the following output:
Change Dir: /home/stacia/eclipse-workspace/CompVisionProject/opencv/build/CMakeFiles/CMakeTmp

Run Build Command:"/usr/bin/make" "cmTC_4e1a8/fast"
/usr/bin/make -f CMakeFiles/cmTC_4e1a8.dir/build.make CMakeFiles/cmTC_4e1a8.dir/build
make[1]: Entering directory '/home/stacia/eclipse-workspace/CompVisionProject/opencv/build/CMakeFiles/CMakeTmp'
Building C object CMakeFiles/cmTC_4e1a8.dir/CheckIncludeFile.c.o
/usr/bin/cc    -fPIC   -fsigned-char -W -Wall -Werror=return-type -Werror=non-virtual-dtor -Werror=address -Werror=sequence-point -Wformat -Werror=format-security -Wmissing-declarations -Wmissing-prototypes -Wstrict-prototypes -Wundef -Winit-self -Wpointer-arith -Wshadow -Wuninitialized -Winit-self -Wno-narrowing -Wno-comment -fdiagnostics-show-option -Wno-long-long -pthread -fomit-frame-pointer -ffunction-sections  -msse -msse2 -msse3 -fvisibility=hidden  -O3 -DNDEBUG   -o CMakeFiles/cmTC_4e1a8.dir/CheckIncludeFile.c.o   -c /home/stacia/eclipse-workspace/CompVisionProject/opencv/build/CMakeFiles/CMakeTmp/CheckIncludeFile.c
Linking C executable cmTC_4e1a8
/usr/bin/cmake -E cmake_link_script CMakeFiles/cmTC_4e1a8.dir/link.txt --verbose=1
/usr/bin/cc   -fPIC   -fsigned-char -W -Wall -Werror=return-type -Werror=non-virtual-dtor -Werror=address -Werror=sequence-point -Wformat -Werror=format-security -Wmissing-declarations -Wmissing-prototypes -Wstrict-prototypes -Wundef -Winit-self -Wpointer-arith -Wshadow -Wuninitialized -Winit-self -Wno-narrowing -Wno-comment -fdiagnostics-show-option -Wno-long-long -pthread -fomit-frame-pointer -ffunction-sections  -msse -msse2 -msse3 -fvisibility=hidden  -O3 -DNDEBUG     CMakeFiles/cmTC_4e1a8.dir/CheckIncludeFile.c.o  -o cmTC_4e1a8 -rdynamic 
make[1]: Leaving directory '/home/stacia/eclipse-workspace/CompVisionProject/opencv/build/CMakeFiles/CMakeTmp'


Determining if the include file stddef.h exists passed with the following output:
Change Dir: /home/stacia/eclipse-workspace/CompVisionProject/opencv/build/CMakeFiles/CMakeTmp

Run Build Command:"/usr/bin/make" "cmTC_de040/fast"
/usr/bin/make -f CMakeFiles/cmTC_de040.dir/build.make CMakeFiles/cmTC_de040.dir/build
make[1]: Entering directory '/home/stacia/eclipse-workspace/CompVisionProject/opencv/build/CMakeFiles/CMakeTmp'
Building C object CMakeFiles/cmTC_de040.dir/CheckIncludeFile.c.o
/usr/bin/cc    -fPIC   -fsigned-char -W -Wall -Werror=return-type -Werror=non-virtual-dtor -Werror=address -Werror=sequence-point -Wformat -Werror=format-security -Wmissing-declarations -Wmissing-prototypes -Wstrict-prototypes -Wundef -Winit-self -Wpointer-arith -Wshadow -Wuninitialized -Winit-self -Wno-narrowing -Wno-comment -fdiagnostics-show-option -Wno-long-long -pthread -fomit-frame-pointer -ffunction-sections  -msse -msse2 -msse3 -fvisibility=hidden  -O3 -DNDEBUG   -o CMakeFiles/cmTC_de040.dir/CheckIncludeFile.c.o   -c /home/stacia/eclipse-workspace/CompVisionProject/opencv/build/CMakeFiles/CMakeTmp/CheckIncludeFile.c
Linking C executable cmTC_de040
/usr/bin/cmake -E cmake_link_script CMakeFiles/cmTC_de040.dir/link.txt --verbose=1
/usr/bin/cc   -fPIC   -fsigned-char -W -Wall -Werror=return-type -Werror=non-virtual-dtor -Werror=address -Werror=sequence-point -Wformat -Werror=format-security -Wmissing-declarations -Wmissing-prototypes -Wstrict-prototypes -Wundef -Winit-self -Wpointer-arith -Wshadow -Wuninitialized -Winit-self -Wno-narrowing -Wno-comment -fdiagnostics-show-option -Wno-long-long -pthread -fomit-frame-pointer -ffunction-sections  -msse -msse2 -msse3 -fvisibility=hidden  -O3 -DNDEBUG     CMakeFiles/cmTC_de040.dir/CheckIncludeFile.c.o  -o cmTC_de040 -rdynamic 
make[1]: Leaving directory '/home/stacia/eclipse-workspace/CompVisionProject/opencv/build/CMakeFiles/CMakeTmp'


Determining size of unsigned short passed with the following output:
Change Dir: /home/stacia/eclipse-workspace/CompVisionProject/opencv/build/CMakeFiles/CMakeTmp

Run Build Command:"/usr/bin/make" "cmTC_9a681/fast"
/usr/bin/make -f CMakeFiles/cmTC_9a681.dir/build.make CMakeFiles/cmTC_9a681.dir/build
make[1]: Entering directory '/home/stacia/eclipse-workspace/CompVisionProject/opencv/build/CMakeFiles/CMakeTmp'
Building C object CMakeFiles/cmTC_9a681.dir/CMAKE_SIZEOF_UNSIGNED_SHORT.c.o
/usr/bin/cc    -fPIC   -fsigned-char -W -Wall -Werror=return-type -Werror=non-virtual-dtor -Werror=address -Werror=sequence-point -Wformat -Werror=format-security -Wmissing-declarations -Wmissing-prototypes -Wstrict-prototypes -Wundef -Winit-self -Wpointer-arith -Wshadow -Wuninitialized -Winit-self -Wno-narrowing -Wno-comment -fdiagnostics-show-option -Wno-long-long -pthread -fomit-frame-pointer -ffunction-sections  -msse -msse2 -msse3 -fvisibility=hidden  -O3 -DNDEBUG   -o CMakeFiles/cmTC_9a681.dir/CMAKE_SIZEOF_UNSIGNED_SHORT.c.o   -c /home/stacia/eclipse-workspace/CompVisionProject/opencv/build/CMakeFiles/CheckTypeSize/CMAKE_SIZEOF_UNSIGNED_SHORT.c
Linking C executable cmTC_9a681
/usr/bin/cmake -E cmake_link_script CMakeFiles/cmTC_9a681.dir/link.txt --verbose=1
/usr/bin/cc   -fPIC   -fsigned-char -W -Wall -Werror=return-type -Werror=non-virtual-dtor -Werror=address -Werror=sequence-point -Wformat -Werror=format-security -Wmissing-declarations -Wmissing-prototypes -Wstrict-prototypes -Wundef -Winit-self -Wpointer-arith -Wshadow -Wuninitialized -Winit-self -Wno-narrowing -Wno-comment -fdiagnostics-show-option -Wno-long-long -pthread -fomit-frame-pointer -ffunction-sections  -msse -msse2 -msse3 -fvisibility=hidden  -O3 -DNDEBUG     CMakeFiles/cmTC_9a681.dir/CMAKE_SIZEOF_UNSIGNED_SHORT.c.o  -o cmTC_9a681 -rdynamic 
make[1]: Leaving directory '/home/stacia/eclipse-workspace/CompVisionProject/opencv/build/CMakeFiles/CMakeTmp'


Determining if the function fseeko exists passed with the following output:
Change Dir: /home/stacia/eclipse-workspace/CompVisionProject/opencv/build/CMakeFiles/CMakeTmp

Run Build Command:"/usr/bin/make" "cmTC_ae35d/fast"
/usr/bin/make -f CMakeFiles/cmTC_ae35d.dir/build.make CMakeFiles/cmTC_ae35d.dir/build
make[1]: Entering directory '/home/stacia/eclipse-workspace/CompVisionProject/opencv/build/CMakeFiles/CMakeTmp'
Building C object CMakeFiles/cmTC_ae35d.dir/CheckFunctionExists.c.o
/usr/bin/cc    -fPIC   -fsigned-char -W -Wall -Werror=return-type -Werror=non-virtual-dtor -Werror=address -Werror=sequence-point -Wformat -Werror=format-security -Wmissing-declarations -Wmissing-prototypes -Wstrict-prototypes -Wundef -Winit-self -Wpointer-arith -Wshadow -Wuninitialized -Winit-self -Wno-narrowing -Wno-comment -fdiagnostics-show-option -Wno-long-long -pthread -fomit-frame-pointer -ffunction-sections  -msse -msse2 -msse3 -fvisibility=hidden -DCHECK_FUNCTION_EXISTS=fseeko -O3 -DNDEBUG   -o CMakeFiles/cmTC_ae35d.dir/CheckFunctionExists.c.o   -c /usr/share/cmake-3.5/Modules/CheckFunctionExists.c
/usr/share/cmake-3.5/Modules/CheckFunctionExists.c:6:1: warning: function declaration isnt a prototype [-Wstrict-prototypes]
 char CHECK_FUNCTION_EXISTS();
 ^
Linking C executable cmTC_ae35d
/usr/bin/cmake -E cmake_link_script CMakeFiles/cmTC_ae35d.dir/link.txt --verbose=1
/usr/bin/cc   -fPIC   -fsigned-char -W -Wall -Werror=return-type -Werror=non-virtual-dtor -Werror=address -Werror=sequence-point -Wformat -Werror=format-security -Wmissing-declarations -Wmissing-prototypes -Wstrict-prototypes -Wundef -Winit-self -Wpointer-arith -Wshadow -Wuninitialized -Winit-self -Wno-narrowing -Wno-comment -fdiagnostics-show-option -Wno-long-long -pthread -fomit-frame-pointer -ffunction-sections  -msse -msse2 -msse3 -fvisibility=hidden -DCHECK_FUNCTION_EXISTS=fseeko -O3 -DNDEBUG     CMakeFiles/cmTC_ae35d.dir/CheckFunctionExists.c.o  -o cmTC_ae35d -rdynamic 
make[1]: Leaving directory '/home/stacia/eclipse-workspace/CompVisionProject/opencv/build/CMakeFiles/CMakeTmp'


Determining if the include file unistd.h exists passed with the following output:
Change Dir: /home/stacia/eclipse-workspace/CompVisionProject/opencv/build/CMakeFiles/CMakeTmp

Run Build Command:"/usr/bin/make" "cmTC_a4b52/fast"
/usr/bin/make -f CMakeFiles/cmTC_a4b52.dir/build.make CMakeFiles/cmTC_a4b52.dir/build
make[1]: Entering directory '/home/stacia/eclipse-workspace/CompVisionProject/opencv/build/CMakeFiles/CMakeTmp'
Building C object CMakeFiles/cmTC_a4b52.dir/CheckIncludeFile.c.o
/usr/bin/cc    -fPIC   -fsigned-char -W -Wall -Werror=return-type -Werror=non-virtual-dtor -Werror=address -Werror=sequence-point -Wformat -Werror=format-security -Wmissing-declarations -Wmissing-prototypes -Wstrict-prototypes -Wundef -Winit-self -Wpointer-arith -Wshadow -Wuninitialized -Winit-self -Wno-narrowing -Wno-comment -fdiagnostics-show-option -Wno-long-long -pthread -fomit-frame-pointer -ffunction-sections  -msse -msse2 -msse3 -fvisibility=hidden  -O3 -DNDEBUG   -o CMakeFiles/cmTC_a4b52.dir/CheckIncludeFile.c.o   -c /home/stacia/eclipse-workspace/CompVisionProject/opencv/build/CMakeFiles/CMakeTmp/CheckIncludeFile.c
Linking C executable cmTC_a4b52
/usr/bin/cmake -E cmake_link_script CMakeFiles/cmTC_a4b52.dir/link.txt --verbose=1
/usr/bin/cc   -fPIC   -fsigned-char -W -Wall -Werror=return-type -Werror=non-virtual-dtor -Werror=address -Werror=sequence-point -Wformat -Werror=format-security -Wmissing-declarations -Wmissing-prototypes -Wstrict-prototypes -Wundef -Winit-self -Wpointer-arith -Wshadow -Wuninitialized -Winit-self -Wno-narrowing -Wno-comment -fdiagnostics-show-option -Wno-long-long -pthread -fomit-frame-pointer -ffunction-sections  -msse -msse2 -msse3 -fvisibility=hidden  -O3 -DNDEBUG     CMakeFiles/cmTC_a4b52.dir/CheckIncludeFile.c.o  -o cmTC_a4b52 -rdynamic 
make[1]: Leaving directory '/home/stacia/eclipse-workspace/CompVisionProject/opencv/build/CMakeFiles/CMakeTmp'


Determining if the include file assert.h exists passed with the following output:
Change Dir: /home/stacia/eclipse-workspace/CompVisionProject/opencv/build/CMakeFiles/CMakeTmp

Run Build Command:"/usr/bin/make" "cmTC_57663/fast"
/usr/bin/make -f CMakeFiles/cmTC_57663.dir/build.make CMakeFiles/cmTC_57663.dir/build
make[1]: Entering directory '/home/stacia/eclipse-workspace/CompVisionProject/opencv/build/CMakeFiles/CMakeTmp'
Building C object CMakeFiles/cmTC_57663.dir/CheckIncludeFile.c.o
/usr/bin/cc    -fPIC   -fsigned-char -W -Wall -Werror=return-type -Werror=non-virtual-dtor -Werror=address -Werror=sequence-point -Wformat -Werror=format-security -Wmissing-declarations -Wmissing-prototypes -Wstrict-prototypes -Wundef -Winit-self -Wpointer-arith -Wshadow -Wuninitialized -Winit-self -Wno-narrowing -Wno-comment -fdiagnostics-show-option -Wno-long-long -pthread -fomit-frame-pointer -ffunction-sections  -msse -msse2 -msse3 -fvisibility=hidden  -O3 -DNDEBUG   -o CMakeFiles/cmTC_57663.dir/CheckIncludeFile.c.o   -c /home/stacia/eclipse-workspace/CompVisionProject/opencv/build/CMakeFiles/CMakeTmp/CheckIncludeFile.c
Linking C executable cmTC_57663
/usr/bin/cmake -E cmake_link_script CMakeFiles/cmTC_57663.dir/link.txt --verbose=1
/usr/bin/cc   -fPIC   -fsigned-char -W -Wall -Werror=return-type -Werror=non-virtual-dtor -Werror=address -Werror=sequence-point -Wformat -Werror=format-security -Wmissing-declarations -Wmissing-prototypes -Wstrict-prototypes -Wundef -Winit-self -Wpointer-arith -Wshadow -Wuninitialized -Winit-self -Wno-narrowing -Wno-comment -fdiagnostics-show-option -Wno-long-long -pthread -fomit-frame-pointer -ffunction-sections  -msse -msse2 -msse3 -fvisibility=hidden  -O3 -DNDEBUG     CMakeFiles/cmTC_57663.dir/CheckIncludeFile.c.o  -o cmTC_57663 -rdynamic 
make[1]: Leaving directory '/home/stacia/eclipse-workspace/CompVisionProject/opencv/build/CMakeFiles/CMakeTmp'


Determining if the include file fcntl.h exists passed with the following output:
Change Dir: /home/stacia/eclipse-workspace/CompVisionProject/opencv/build/CMakeFiles/CMakeTmp

Run Build Command:"/usr/bin/make" "cmTC_0f4d3/fast"
/usr/bin/make -f CMakeFiles/cmTC_0f4d3.dir/build.make CMakeFiles/cmTC_0f4d3.dir/build
make[1]: Entering directory '/home/stacia/eclipse-workspace/CompVisionProject/opencv/build/CMakeFiles/CMakeTmp'
Building C object CMakeFiles/cmTC_0f4d3.dir/CheckIncludeFile.c.o
/usr/bin/cc    -fPIC   -fsigned-char -W -Wall -Werror=return-type -Werror=non-virtual-dtor -Werror=address -Werror=sequence-point -Wformat -Werror=format-security -Wmissing-declarations -Wmissing-prototypes -Wstrict-prototypes -Wundef -Winit-self -Wpointer-arith -Wshadow -Wuninitialized -Winit-self -Wno-narrowing -Wno-comment -fdiagnostics-show-option -Wno-long-long -pthread -fomit-frame-pointer -ffunction-sections  -msse -msse2 -msse3 -fvisibility=hidden  -O3 -DNDEBUG   -o CMakeFiles/cmTC_0f4d3.dir/CheckIncludeFile.c.o   -c /home/stacia/eclipse-workspace/CompVisionProject/opencv/build/CMakeFiles/CMakeTmp/CheckIncludeFile.c
Linking C executable cmTC_0f4d3
/usr/bin/cmake -E cmake_link_script CMakeFiles/cmTC_0f4d3.dir/link.txt --verbose=1
/usr/bin/cc   -fPIC   -fsigned-char -W -Wall -Werror=return-type -Werror=non-virtual-dtor -Werror=address -Werror=sequence-point -Wformat -Werror=format-security -Wmissing-declarations -Wmissing-prototypes -Wstrict-prototypes -Wundef -Winit-self -Wpointer-arith -Wshadow -Wuninitialized -Winit-self -Wno-narrowing -Wno-comment -fdiagnostics-show-option -Wno-long-long -pthread -fomit-frame-pointer -ffunction-sections  -msse -msse2 -msse3 -fvisibility=hidden  -O3 -DNDEBUG     CMakeFiles/cmTC_0f4d3.dir/CheckIncludeFile.c.o  -o cmTC_0f4d3 -rdynamic 
make[1]: Leaving directory '/home/stacia/eclipse-workspace/CompVisionProject/opencv/build/CMakeFiles/CMakeTmp'


Determining if the include file search.h exists passed with the following output:
Change Dir: /home/stacia/eclipse-workspace/CompVisionProject/opencv/build/CMakeFiles/CMakeTmp

Run Build Command:"/usr/bin/make" "cmTC_26bf0/fast"
/usr/bin/make -f CMakeFiles/cmTC_26bf0.dir/build.make CMakeFiles/cmTC_26bf0.dir/build
make[1]: Entering directory '/home/stacia/eclipse-workspace/CompVisionProject/opencv/build/CMakeFiles/CMakeTmp'
Building C object CMakeFiles/cmTC_26bf0.dir/CheckIncludeFile.c.o
/usr/bin/cc    -fPIC   -fsigned-char -W -Wall -Werror=return-type -Werror=non-virtual-dtor -Werror=address -Werror=sequence-point -Wformat -Werror=format-security -Wmissing-declarations -Wmissing-prototypes -Wstrict-prototypes -Wundef -Winit-self -Wpointer-arith -Wshadow -Wuninitialized -Winit-self -Wno-narrowing -Wno-comment -fdiagnostics-show-option -Wno-long-long -pthread -fomit-frame-pointer -ffunction-sections  -msse -msse2 -msse3 -fvisibility=hidden  -O3 -DNDEBUG   -o CMakeFiles/cmTC_26bf0.dir/CheckIncludeFile.c.o   -c /home/stacia/eclipse-workspace/CompVisionProject/opencv/build/CMakeFiles/CMakeTmp/CheckIncludeFile.c
Linking C executable cmTC_26bf0
/usr/bin/cmake -E cmake_link_script CMakeFiles/cmTC_26bf0.dir/link.txt --verbose=1
/usr/bin/cc   -fPIC   -fsigned-char -W -Wall -Werror=return-type -Werror=non-virtual-dtor -Werror=address -Werror=sequence-point -Wformat -Werror=format-security -Wmissing-declarations -Wmissing-prototypes -Wstrict-prototypes -Wundef -Winit-self -Wpointer-arith -Wshadow -Wuninitialized -Winit-self -Wno-narrowing -Wno-comment -fdiagnostics-show-option -Wno-long-long -pthread -fomit-frame-pointer -ffunction-sections  -msse -msse2 -msse3 -fvisibility=hidden  -O3 -DNDEBUG     CMakeFiles/cmTC_26bf0.dir/CheckIncludeFile.c.o  -o cmTC_26bf0 -rdynamic 
make[1]: Leaving directory '/home/stacia/eclipse-workspace/CompVisionProject/opencv/build/CMakeFiles/CMakeTmp'


Determining if the include file string.h exists passed with the following output:
Change Dir: /home/stacia/eclipse-workspace/CompVisionProject/opencv/build/CMakeFiles/CMakeTmp

Run Build Command:"/usr/bin/make" "cmTC_a8a4d/fast"
/usr/bin/make -f CMakeFiles/cmTC_a8a4d.dir/build.make CMakeFiles/cmTC_a8a4d.dir/build
make[1]: Entering directory '/home/stacia/eclipse-workspace/CompVisionProject/opencv/build/CMakeFiles/CMakeTmp'
Building C object CMakeFiles/cmTC_a8a4d.dir/CheckIncludeFile.c.o
/usr/bin/cc    -fPIC   -fsigned-char -W -Wall -Werror=return-type -Werror=non-virtual-dtor -Werror=address -Werror=sequence-point -Wformat -Werror=format-security -Wmissing-declarations -Wmissing-prototypes -Wstrict-prototypes -Wundef -Winit-self -Wpointer-arith -Wshadow -Wuninitialized -Winit-self -Wno-narrowing -Wno-comment -fdiagnostics-show-option -Wno-long-long -pthread -fomit-frame-pointer -ffunction-sections  -msse -msse2 -msse3 -fvisibility=hidden  -O3 -DNDEBUG   -o CMakeFiles/cmTC_a8a4d.dir/CheckIncludeFile.c.o   -c /home/stacia/eclipse-workspace/CompVisionProject/opencv/build/CMakeFiles/CMakeTmp/CheckIncludeFile.c
Linking C executable cmTC_a8a4d
/usr/bin/cmake -E cmake_link_script CMakeFiles/cmTC_a8a4d.dir/link.txt --verbose=1
/usr/bin/cc   -fPIC   -fsigned-char -W -Wall -Werror=return-type -Werror=non-virtual-dtor -Werror=address -Werror=sequence-point -Wformat -Werror=format-security -Wmissing-declarations -Wmissing-prototypes -Wstrict-prototypes -Wundef -Winit-self -Wpointer-arith -Wshadow -Wuninitialized -Winit-self -Wno-narrowing -Wno-comment -fdiagnostics-show-option -Wno-long-long -pthread -fomit-frame-pointer -ffunction-sections  -msse -msse2 -msse3 -fvisibility=hidden  -O3 -DNDEBUG     CMakeFiles/cmTC_a8a4d.dir/CheckIncludeFile.c.o  -o cmTC_a8a4d -rdynamic 
make[1]: Leaving directory '/home/stacia/eclipse-workspace/CompVisionProject/opencv/build/CMakeFiles/CMakeTmp'


Determining if the include file unistd.h exists passed with the following output:
Change Dir: /home/stacia/eclipse-workspace/CompVisionProject/opencv/build/CMakeFiles/CMakeTmp

Run Build Command:"/usr/bin/make" "cmTC_f39d7/fast"
/usr/bin/make -f CMakeFiles/cmTC_f39d7.dir/build.make CMakeFiles/cmTC_f39d7.dir/build
make[1]: Entering directory '/home/stacia/eclipse-workspace/CompVisionProject/opencv/build/CMakeFiles/CMakeTmp'
Building C object CMakeFiles/cmTC_f39d7.dir/CheckIncludeFile.c.o
/usr/bin/cc    -fPIC   -fsigned-char -W -Wall -Werror=return-type -Werror=non-virtual-dtor -Werror=address -Werror=sequence-point -Wformat -Werror=format-security -Wmissing-declarations -Wmissing-prototypes -Wstrict-prototypes -Wundef -Winit-self -Wpointer-arith -Wshadow -Wuninitialized -Winit-self -Wno-narrowing -Wno-comment -fdiagnostics-show-option -Wno-long-long -pthread -fomit-frame-pointer -ffunction-sections  -msse -msse2 -msse3 -fvisibility=hidden  -O3 -DNDEBUG   -o CMakeFiles/cmTC_f39d7.dir/CheckIncludeFile.c.o   -c /home/stacia/eclipse-workspace/CompVisionProject/opencv/build/CMakeFiles/CMakeTmp/CheckIncludeFile.c
Linking C executable cmTC_f39d7
/usr/bin/cmake -E cmake_link_script CMakeFiles/cmTC_f39d7.dir/link.txt --verbose=1
/usr/bin/cc   -fPIC   -fsigned-char -W -Wall -Werror=return-type -Werror=non-virtual-dtor -Werror=address -Werror=sequence-point -Wformat -Werror=format-security -Wmissing-declarations -Wmissing-prototypes -Wstrict-prototypes -Wundef -Winit-self -Wpointer-arith -Wshadow -Wuninitialized -Winit-self -Wno-narrowing -Wno-comment -fdiagnostics-show-option -Wno-long-long -pthread -fomit-frame-pointer -ffunction-sections  -msse -msse2 -msse3 -fvisibility=hidden  -O3 -DNDEBUG     CMakeFiles/cmTC_f39d7.dir/CheckIncludeFile.c.o  -o cmTC_f39d7 -rdynamic 
make[1]: Leaving directory '/home/stacia/eclipse-workspace/CompVisionProject/opencv/build/CMakeFiles/CMakeTmp'


Determining if the function mmap exists passed with the following output:
Change Dir: /home/stacia/eclipse-workspace/CompVisionProject/opencv/build/CMakeFiles/CMakeTmp

Run Build Command:"/usr/bin/make" "cmTC_d3a0b/fast"
/usr/bin/make -f CMakeFiles/cmTC_d3a0b.dir/build.make CMakeFiles/cmTC_d3a0b.dir/build
make[1]: Entering directory '/home/stacia/eclipse-workspace/CompVisionProject/opencv/build/CMakeFiles/CMakeTmp'
Building C object CMakeFiles/cmTC_d3a0b.dir/CheckFunctionExists.c.o
/usr/bin/cc    -fPIC   -fsigned-char -W -Wall -Werror=return-type -Werror=non-virtual-dtor -Werror=address -Werror=sequence-point -Wformat -Werror=format-security -Wmissing-declarations -Wmissing-prototypes -Wstrict-prototypes -Wundef -Winit-self -Wpointer-arith -Wshadow -Wuninitialized -Winit-self -Wno-narrowing -Wno-comment -fdiagnostics-show-option -Wno-long-long -pthread -fomit-frame-pointer -ffunction-sections  -msse -msse2 -msse3 -fvisibility=hidden -DCHECK_FUNCTION_EXISTS=mmap -O3 -DNDEBUG   -o CMakeFiles/cmTC_d3a0b.dir/CheckFunctionExists.c.o   -c /usr/share/cmake-3.5/Modules/CheckFunctionExists.c
/usr/share/cmake-3.5/Modules/CheckFunctionExists.c:6:1: warning: function declaration isnt a prototype [-Wstrict-prototypes]
 char CHECK_FUNCTION_EXISTS();
 ^
Linking C executable cmTC_d3a0b
/usr/bin/cmake -E cmake_link_script CMakeFiles/cmTC_d3a0b.dir/link.txt --verbose=1
/usr/bin/cc   -fPIC   -fsigned-char -W -Wall -Werror=return-type -Werror=non-virtual-dtor -Werror=address -Werror=sequence-point -Wformat -Werror=format-security -Wmissing-declarations -Wmissing-prototypes -Wstrict-prototypes -Wundef -Winit-self -Wpointer-arith -Wshadow -Wuninitialized -Winit-self -Wno-narrowing -Wno-comment -fdiagnostics-show-option -Wno-long-long -pthread -fomit-frame-pointer -ffunction-sections  -msse -msse2 -msse3 -fvisibility=hidden -DCHECK_FUNCTION_EXISTS=mmap -O3 -DNDEBUG     CMakeFiles/cmTC_d3a0b.dir/CheckFunctionExists.c.o  -o cmTC_d3a0b -rdynamic 
make[1]: Leaving directory '/home/stacia/eclipse-workspace/CompVisionProject/opencv/build/CMakeFiles/CMakeTmp'


Determining if the include file semaphore.h exists passed with the following output:
Change Dir: /home/stacia/eclipse-workspace/CompVisionProject/opencv/build/CMakeFiles/CMakeTmp

Run Build Command:"/usr/bin/make" "cmTC_d7691/fast"
/usr/bin/make -f CMakeFiles/cmTC_d7691.dir/build.make CMakeFiles/cmTC_d7691.dir/build
make[1]: Entering directory '/home/stacia/eclipse-workspace/CompVisionProject/opencv/build/CMakeFiles/CMakeTmp'
Building C object CMakeFiles/cmTC_d7691.dir/CheckIncludeFile.c.o
/usr/bin/cc    -fPIC   -fsigned-char -W -Wall -Werror=return-type -Werror=non-virtual-dtor -Werror=address -Werror=sequence-point -Wformat -Werror=format-security -Wmissing-declarations -Wmissing-prototypes -Wstrict-prototypes -Wundef -Winit-self -Wpointer-arith -Wshadow -Wuninitialized -Winit-self -Wno-narrowing -Wno-comment -fdiagnostics-show-option -Wno-long-long -pthread -fomit-frame-pointer -ffunction-sections  -msse -msse2 -msse3 -fvisibility=hidden  -O3 -DNDEBUG   -o CMakeFiles/cmTC_d7691.dir/CheckIncludeFile.c.o   -c /home/stacia/eclipse-workspace/CompVisionProject/opencv/build/CMakeFiles/CMakeTmp/CheckIncludeFile.c
Linking C executable cmTC_d7691
/usr/bin/cmake -E cmake_link_script CMakeFiles/cmTC_d7691.dir/link.txt --verbose=1
/usr/bin/cc   -fPIC   -fsigned-char -W -Wall -Werror=return-type -Werror=non-virtual-dtor -Werror=address -Werror=sequence-point -Wformat -Werror=format-security -Wmissing-declarations -Wmissing-prototypes -Wstrict-prototypes -Wundef -Winit-self -Wpointer-arith -Wshadow -Wuninitialized -Winit-self -Wno-narrowing -Wno-comment -fdiagnostics-show-option -Wno-long-long -pthread -fomit-frame-pointer -ffunction-sections  -msse -msse2 -msse3 -fvisibility=hidden  -O3 -DNDEBUG     CMakeFiles/cmTC_d7691.dir/CheckIncludeFile.c.o  -o cmTC_d7691 -rdynamic 
make[1]: Leaving directory '/home/stacia/eclipse-workspace/CompVisionProject/opencv/build/CMakeFiles/CMakeTmp'


Determining if the include file linux/videodev2.h exists passed with the following output:
Change Dir: /home/stacia/eclipse-workspace/CompVisionProject/opencv/build/CMakeFiles/CMakeTmp

Run Build Command:"/usr/bin/make" "cmTC_559d5/fast"
/usr/bin/make -f CMakeFiles/cmTC_559d5.dir/build.make CMakeFiles/cmTC_559d5.dir/build
make[1]: Entering directory '/home/stacia/eclipse-workspace/CompVisionProject/opencv/build/CMakeFiles/CMakeTmp'
Building C object CMakeFiles/cmTC_559d5.dir/CheckIncludeFile.c.o
/usr/bin/cc    -fPIC   -fsigned-char -W -Wall -Werror=return-type -Werror=non-virtual-dtor -Werror=address -Werror=sequence-point -Wformat -Werror=format-security -Wmissing-declarations -Wmissing-prototypes -Wstrict-prototypes -Wundef -Winit-self -Wpointer-arith -Wshadow -Wuninitialized -Winit-self -Wno-narrowing -Wno-comment -fdiagnostics-show-option -Wno-long-long -pthread -fomit-frame-pointer -ffunction-sections  -msse -msse2 -msse3 -fvisibility=hidden  -O3 -DNDEBUG   -o CMakeFiles/cmTC_559d5.dir/CheckIncludeFile.c.o   -c /home/stacia/eclipse-workspace/CompVisionProject/opencv/build/CMakeFiles/CMakeTmp/CheckIncludeFile.c
Linking C executable cmTC_559d5
/usr/bin/cmake -E cmake_link_script CMakeFiles/cmTC_559d5.dir/link.txt --verbose=1
/usr/bin/cc   -fPIC   -fsigned-char -W -Wall -Werror=return-type -Werror=non-virtual-dtor -Werror=address -Werror=sequence-point -Wformat -Werror=format-security -Wmissing-declarations -Wmissing-prototypes -Wstrict-prototypes -Wundef -Winit-self -Wpointer-arith -Wshadow -Wuninitialized -Winit-self -Wno-narrowing -Wno-comment -fdiagnostics-show-option -Wno-long-long -pthread -fomit-frame-pointer -ffunction-sections  -msse -msse2 -msse3 -fvisibility=hidden  -O3 -DNDEBUG     CMakeFiles/cmTC_559d5.dir/CheckIncludeFile.c.o  -o cmTC_559d5 -rdynamic 
make[1]: Leaving directory '/home/stacia/eclipse-workspace/CompVisionProject/opencv/build/CMakeFiles/CMakeTmp'


Determining if the include file pthread.h exists passed with the following output:
Change Dir: /home/stacia/eclipse-workspace/CompVisionProject/opencv/build/CMakeFiles/CMakeTmp

Run Build Command:"/usr/bin/make" "cmTC_d64c1/fast"
/usr/bin/make -f CMakeFiles/cmTC_d64c1.dir/build.make CMakeFiles/cmTC_d64c1.dir/build
make[1]: Entering directory '/home/stacia/eclipse-workspace/CompVisionProject/opencv/build/CMakeFiles/CMakeTmp'
Building C object CMakeFiles/cmTC_d64c1.dir/CheckIncludeFile.c.o
/usr/bin/cc    -fPIC   -fsigned-char -W -Wall -Werror=return-type -Werror=non-virtual-dtor -Werror=address -Werror=sequence-point -Wformat -Werror=format-security -Wmissing-declarations -Wmissing-prototypes -Wstrict-prototypes -Wundef -Winit-self -Wpointer-arith -Wshadow -Wuninitialized -Winit-self -Wno-narrowing -Wno-comment -fdiagnostics-show-option -Wno-long-long -pthread -fomit-frame-pointer -ffunction-sections  -msse -msse2 -msse3 -fvisibility=hidden  -O3 -DNDEBUG   -o CMakeFiles/cmTC_d64c1.dir/CheckIncludeFile.c.o   -c /home/stacia/eclipse-workspace/CompVisionProject/opencv/build/CMakeFiles/CMakeTmp/CheckIncludeFile.c
Linking C executable cmTC_d64c1
/usr/bin/cmake -E cmake_link_script CMakeFiles/cmTC_d64c1.dir/link.txt --verbose=1
/usr/bin/cc   -fPIC   -fsigned-char -W -Wall -Werror=return-type -Werror=non-virtual-dtor -Werror=address -Werror=sequence-point -Wformat -Werror=format-security -Wmissing-declarations -Wmissing-prototypes -Wstrict-prototypes -Wundef -Winit-self -Wpointer-arith -Wshadow -Wuninitialized -Winit-self -Wno-narrowing -Wno-comment -fdiagnostics-show-option -Wno-long-long -pthread -fomit-frame-pointer -ffunction-sections  -msse -msse2 -msse3 -fvisibility=hidden  -O3 -DNDEBUG     CMakeFiles/cmTC_d64c1.dir/CheckIncludeFile.c.o  -o cmTC_d64c1 -rdynamic 
make[1]: Leaving directory '/home/stacia/eclipse-workspace/CompVisionProject/opencv/build/CMakeFiles/CMakeTmp'


Determining if the pthread_create exist passed with the following output:
Change Dir: /home/stacia/eclipse-workspace/CompVisionProject/opencv/build/CMakeFiles/CMakeTmp

Run Build Command:"/usr/bin/make" "cmTC_c5c96/fast"
/usr/bin/make -f CMakeFiles/cmTC_c5c96.dir/build.make CMakeFiles/cmTC_c5c96.dir/build
make[1]: Entering directory '/home/stacia/eclipse-workspace/CompVisionProject/opencv/build/CMakeFiles/CMakeTmp'
Building C object CMakeFiles/cmTC_c5c96.dir/CheckSymbolExists.c.o
/usr/bin/cc    -fPIC   -fsigned-char -W -Wall -Werror=return-type -Werror=non-virtual-dtor -Werror=address -Werror=sequence-point -Wformat -Werror=format-security -Wmissing-declarations -Wmissing-prototypes -Wstrict-prototypes -Wundef -Winit-self -Wpointer-arith -Wshadow -Wuninitialized -Winit-self -Wno-narrowing -Wno-comment -fdiagnostics-show-option -Wno-long-long -pthread -fomit-frame-pointer -ffunction-sections  -msse -msse2 -msse3 -fvisibility=hidden  -O3 -DNDEBUG   -o CMakeFiles/cmTC_c5c96.dir/CheckSymbolExists.c.o   -c /home/stacia/eclipse-workspace/CompVisionProject/opencv/build/CMakeFiles/CMakeTmp/CheckSymbolExists.c
Linking C executable cmTC_c5c96
/usr/bin/cmake -E cmake_link_script CMakeFiles/cmTC_c5c96.dir/link.txt --verbose=1
/usr/bin/cc   -fPIC   -fsigned-char -W -Wall -Werror=return-type -Werror=non-virtual-dtor -Werror=address -Werror=sequence-point -Wformat -Werror=format-security -Wmissing-declarations -Wmissing-prototypes -Wstrict-prototypes -Wundef -Winit-self -Wpointer-arith -Wshadow -Wuninitialized -Winit-self -Wno-narrowing -Wno-comment -fdiagnostics-show-option -Wno-long-long -pthread -fomit-frame-pointer -ffunction-sections  -msse -msse2 -msse3 -fvisibility=hidden  -O3 -DNDEBUG     CMakeFiles/cmTC_c5c96.dir/CheckSymbolExists.c.o  -o cmTC_c5c96 -rdynamic 
make[1]: Leaving directory '/home/stacia/eclipse-workspace/CompVisionProject/opencv/build/CMakeFiles/CMakeTmp'

File /home/stacia/eclipse-workspace/CompVisionProject/opencv/build/CMakeFiles/CMakeTmp/CheckSymbolExists.c:
/* */
#include <pthread.h>

int main(int argc, char** argv)
{
  (void)argv;
#ifndef pthread_create
  return ((int*)(&pthread_create))[argc];
#else
  (void)argc;
  return 0;
#endif
}

Determining if the function dlerror exists in the dl passed with the following output:
Change Dir: /home/stacia/eclipse-workspace/CompVisionProject/opencv/build/CMakeFiles/CMakeTmp

Run Build Command:"/usr/bin/make" "cmTC_28411/fast"
/usr/bin/make -f CMakeFiles/cmTC_28411.dir/build.make CMakeFiles/cmTC_28411.dir/build
make[1]: Entering directory '/home/stacia/eclipse-workspace/CompVisionProject/opencv/build/CMakeFiles/CMakeTmp'
Building C object CMakeFiles/cmTC_28411.dir/CheckFunctionExists.c.o
/usr/bin/cc    -fPIC   -fsigned-char -W -Wall -Werror=return-type -Werror=non-virtual-dtor -Werror=address -Werror=sequence-point -Wformat -Werror=format-security -Wmissing-declarations -Wmissing-prototypes -Wstrict-prototypes -Wundef -Winit-self -Wpointer-arith -Wshadow -Wuninitialized -Winit-self -Wno-narrowing -Wno-comment -fdiagnostics-show-option -Wno-long-long -pthread -fomit-frame-pointer -ffunction-sections  -msse -msse2 -msse3 -fvisibility=hidden -DCHECK_FUNCTION_EXISTS=dlerror -O3 -DNDEBUG   -o CMakeFiles/cmTC_28411.dir/CheckFunctionExists.c.o   -c /usr/share/cmake-3.5/Modules/CheckFunctionExists.c
/usr/share/cmake-3.5/Modules/CheckFunctionExists.c:6:1: warning: function declaration isnt a prototype [-Wstrict-prototypes]
 char CHECK_FUNCTION_EXISTS();
 ^
Linking C executable cmTC_28411
/usr/bin/cmake -E cmake_link_script CMakeFiles/cmTC_28411.dir/link.txt --verbose=1
/usr/bin/cc   -fPIC   -fsigned-char -W -Wall -Werror=return-type -Werror=non-virtual-dtor -Werror=address -Werror=sequence-point -Wformat -Werror=format-security -Wmissing-declarations -Wmissing-prototypes -Wstrict-prototypes -Wundef -Winit-self -Wpointer-arith -Wshadow -Wuninitialized -Winit-self -Wno-narrowing -Wno-comment -fdiagnostics-show-option -Wno-long-long -pthread -fomit-frame-pointer -ffunction-sections  -msse -msse2 -msse3 -fvisibility=hidden -DCHECK_FUNCTION_EXISTS=dlerror -O3 -DNDEBUG     CMakeFiles/cmTC_28411.dir/CheckFunctionExists.c.o  -o cmTC_28411 -rdynamic -ldl 
make[1]: Leaving directory '/home/stacia/eclipse-workspace/CompVisionProject/opencv/build/CMakeFiles/CMakeTmp'


